522 415 250 150 1 26616
Total flow rate into region q0 = 230.000000 nl/min
g0[1] = 21.636002


Solute 1
SegmentEfflux Pvessel Ptissue Cvessel
   1    1     6.5663    39.9998    39.9791     0.1089
   2    1     2.4545    39.9995    39.9917     0.1089
   3    1     2.1131    39.9993    39.9929     0.1089
   4    1     1.8079    39.9992    39.9938     0.1089
   5    1     1.6153    39.9991    39.9939     0.1089
   6    1     1.4677    39.9989    39.9945     0.1089
   7    1     1.3528    39.9988    39.9946     0.1089
   8    1     1.2639    39.9988    39.9948     0.1089
   9    1     1.1253    39.9987    39.9956     0.1089
  10    1     1.0277    39.9986    39.9945     0.1089
  11    1     0.9457    39.9985    39.9965     0.1089
  12    1     0.7511    39.9985    39.9955     0.1089
  13    1     0.6276    39.9984    39.9963     0.1089
  14    1     0.4872    39.9984    39.9965     0.1089
  15    1     0.2443    39.9984    39.9972     0.1089
  16    1     0.1160    39.9983    39.9975     0.1089
  17    2     0.0129    39.9983    39.9993     0.1089
  18    2     0.1674    39.9983    39.9962     0.1089
  19    3     0.2490    39.9983    39.9984     0.1089
  20    3     0.3733    39.9982    39.9960     0.1089
  21    4     0.4132    39.9982    39.9957     0.1089
  22    4     0.6651    39.9981    39.9963     0.1089
  23    5     0.7340    39.9980    39.9937     0.1089
  24    5     1.0261    39.9978    39.9944     0.1089
  25    6     1.2926    39.9976    39.9918     0.1089
  26    6     3.3295    39.9972    39.9831     0.1089
  27    7     4.9555    39.9964    39.9772     0.1089
  28    7     3.3716    39.9957    39.9821     0.1089
  29    8     3.6302    39.9950    39.9811     0.1089
  30    8     3.9643    39.9944    39.9776     0.1089
  31    9     4.4263    39.9936    39.9764     0.1089
  32    9     5.1877    39.9927    39.9709     0.1089
  33   10     6.1696    39.9917    39.9668     0.1089
  34   10     8.6514    39.9904    39.9571     0.1089
  35   11    12.0139    39.9881    39.9394     0.1089
  36   11    14.4602    39.9848    39.9247     0.1089
  37   12    15.5743    39.9810    39.9223     0.1088
  38   12   122.6902    39.9637    39.5016     0.1088
  39   13   407.6290    39.8825    38.3542     0.1085
  40   13   345.4190    39.7612    38.4631     0.1080
  41   14   368.7721    39.6111    38.2016     0.1074
  42   14   443.6893    39.4037    37.7078     0.1067
  43   15   442.0129    39.1790    37.4954     0.1058
  44   15   328.1374    38.9848    37.7312     0.1050
  45   16   336.0238    37.6592    36.1134     0.0998
  46   16   406.9515    35.0355    33.1621     0.0890
  47   17   392.8142    32.3416    30.5381     0.0773
  48   17   330.7776    29.9599    28.4384     0.0667
  49   18   316.6243    27.8258    26.3720     0.0573
  50   18   359.3387    25.5410    23.8894     0.0474
  51   19   344.4276    23.0212    21.4376     0.0371
  52   19   329.2979    20.3483    18.8360     0.0273
  53   20   310.8892    17.3429    15.9109     0.0179
  54   20   285.9371    13.5963    12.2813     0.0092
  55   21   229.0848     6.9115     5.8564     0.0017
  56   21   -24.3037    -5.5567    -5.4515    -0.0013
  57   22    59.0565    -4.1322    -4.4072    -0.0010
  58   22   -30.1592    -5.9043    -5.7577    -0.0014
  59   23   394.9180    38.7964    37.5498     0.1043
  60   23   502.2358    38.5568    36.9676     0.1034
  61   24    13.2320    38.4198    37.4809     0.1028
  62   25    86.6550    38.0359    37.2024     0.1013
  63   26    11.4582    37.8879    37.2498     0.1007
  64   27   132.8754    36.8966    35.2023     0.0967
  65   28   192.9188    35.9794    34.0861     0.0929
  66   29   148.0986    34.7992    33.1695     0.0880
  67   30    24.1918    34.2869    33.0740     0.0858
  68   31   141.6687    33.8230    32.4956     0.0838
  69   32   155.2608    33.7321    32.3094     0.0834
  70   33    82.5411    33.4073    31.8996     0.0820
  71   34   123.3283    33.0899    31.9287     0.0806
  72   35     6.2705    33.0466    32.3564     0.0804
  73   36    97.4609    32.8812    31.9588     0.0797
  74   37   197.4876    32.7830    31.4442     0.0792
  75   38   222.5113    32.6433    31.2336     0.0786
  76   39    82.1839    32.2968    30.9124     0.0771
  77   40    62.3298    32.0020    30.8487     0.0758
  78   41     3.1648    31.9779    31.7197     0.0757
  79   42    76.8230    31.9047    31.1737     0.0753
  80   43     4.0975    31.8750    31.5659     0.0752
  81   44    68.5896    31.8284    31.2146     0.0750
  82   45    21.4078    31.7954    31.5148     0.0749
  83   46    22.9815    31.7496    31.3300     0.0747
  84   47   342.4418    38.4112    36.9644     0.1028
  85   47   460.9755    35.5334    33.5864     0.0911
  86   48     7.2139    33.9319    33.3496     0.0842
  87   49   138.5207    33.7645    32.6298     0.0835
  88   50    22.6139    33.6870    32.2019     0.0832
  89   51    29.6735    33.5081    33.1644     0.0824
  90   52   155.6356    33.4193    32.1113     0.0820
  91   53   160.0647    33.2682    31.8841     0.0813
  92   54   108.4419    33.1399    31.7393     0.0808
  93   55   183.8263    33.0005    31.5795     0.0802
  94   56   123.3038    32.8308    31.4204     0.0794
  95   57   121.8247    32.6474    31.4238     0.0786
  96   58    18.7124    32.5255    31.3225     0.0781
  97   59    72.8528    32.1405    31.1667     0.0764
  98   60    11.8286    31.8802    31.1240     0.0752
  99   61    53.8711    31.4110    30.5990     0.0732
 100   62     6.4600    31.2125    30.5885     0.0723
 101   63    43.8061    31.0073    30.1596     0.0714
 102   64    82.4022    30.5928    29.1843     0.0695
 103   65    87.7580    30.1783    28.7201     0.0677
 104   66   113.0225    29.8489    28.4180     0.0662
 105   67   198.0381    29.3381    27.4196     0.0639
 106   68   282.9071    38.8680    37.6805     0.1046
 107   68   237.7943    36.9598    35.9631     0.0970
 108   69     7.5927    36.0904    35.6367     0.0934
 109   70    49.1459    35.8764    35.2077     0.0925
 110   71    49.1463    35.5342    34.7327     0.0911
 111   72    80.5967    35.0859    34.1499     0.0892
 112   73   135.9579    34.7575    33.6847     0.0878
 113   74   101.0931    34.6675    33.5596     0.0874
 114   75    55.5856    34.4397    33.6670     0.0864
 115   76     5.3712    34.2486    33.9373     0.0856
 116   77     7.8203    34.1774    33.4985     0.0853
 117   78    40.8547    34.1395    33.6200     0.0851
 118   79     4.7310    34.1142    33.8637     0.0850
 119   80    14.1249    34.0576    33.8305     0.0848
 120   81   210.9469    33.3003    29.6263     0.0815
 121   82    -3.1575    39.9916    40.0041     0.1089
 122   82    -1.1686    39.9944    39.9975     0.1089
 123   82    -0.5859    39.9956    39.9993     0.1089
 124   83     0.2365    39.9958    39.9905     0.1089
 125   84     0.0532    39.9956    39.9900     0.1089
 126   85     0.6224    39.9947    39.9821     0.1089
 127   86     0.5474    39.9939    39.9842     0.1089
 128   87    -0.2069    39.9937    39.9921     0.1089
 129   88    -0.1904    39.9939    40.0065     0.1089
 130   89    -0.0626    39.9944    39.9889     0.1089
 131   90     0.8817    39.9939    39.9839     0.1089
 132   91     1.4923    39.9904    39.9668     0.1089
 133   92     1.0360    39.9835    39.9624     0.1089
 134   93     0.5885    39.9772    39.9663     0.1088
 135   94     0.1269    39.9748    39.9604     0.1088
 136   95    -0.0244    39.9743    39.9722     0.1088
 137   96    -0.0538    39.9984    39.9967     0.1089
 138   96    -0.0315    39.9985    39.9981     0.1089
 139   96     0.0306    39.9985    39.9993     0.1089
 140   96    -0.0560    39.9985    39.9983     0.1089
 141   97    -0.0254    39.9986    40.0031     0.1089
 142   98    -0.0207    39.9987    40.0001     0.1089
 143   99     0.0084    39.9988    39.9970     0.1089
 144  100     0.0168    39.9987    39.9985     0.1089
 145  101    -0.0163    39.9987    39.9983     0.1089
 146  102     0.0241    39.9987    39.9997     0.1089
 147  103    -0.0323    39.9987    39.9977     0.1089
 148  104     0.0132    39.9988    39.9974     0.1089
 149  105     0.0267    39.9987    39.9968     0.1089
 150  106    -0.0355    39.9987    39.9988     0.1089
 151  107    -0.0682    39.9991    39.9991     0.1089
 152  108     0.0369    39.9992    39.9924     0.1089
 153  109     0.0933    39.9988    39.9971     0.1089
 154  110    -0.0113    39.9984    39.9988     0.1089
 155  110     0.0551    39.9983    39.9993     0.1089
 156  111     0.1036    39.9982    39.9966     0.1089
 157  111     0.1496    39.9981    39.9966     0.1089
 158  112     0.1673    39.9974    39.9963     0.1089
 159  112     0.2629    39.9957    39.9940     0.1089
 160  113     0.3654    39.9944    39.9922     0.1089
 161  113     0.3815    39.9940    39.9925     0.1089
 162  114     0.4631    39.9934    39.9906     0.1089
 163  114     1.0578    39.9924    39.9865     0.1089
 164  115     1.2710    39.9909    39.9852     0.1089
 165  115     0.7578    39.9896    39.9856     0.1089
 166  116     0.7288    39.9886    39.9844     0.1089
 167  116     0.7287    39.9877    39.9859     0.1089
 168  117     0.6456    39.9868    39.9844     0.1089
 169  117     0.7627    39.9859    39.9817     0.1089
 170  118     0.7580    39.9849    39.9805     0.1089
 171  118     0.7132    39.9840    39.9823     0.1089
 172  119     0.7252    39.9830    39.9795     0.1089
 173  119     0.7897    39.9821    39.9784     0.1089
 174  120     0.8615    39.9810    39.9785     0.1088
 175  120     0.8622    39.9799    39.9773     0.1088
 176  121     0.8401    39.9761    39.9691     0.1088
 177  121     0.8813    39.9694    39.9650     0.1088
 178  122     1.0123    39.9652    39.9605     0.1088
 179  122     1.1465    39.9635    39.9579     0.1088
 180  123     1.3459    39.9616    39.9536     0.1088
 181  123     1.3782    39.9594    39.9528     0.1088
 182  124     1.5251    39.9525    39.9448     0.1087
 183  124     1.7397    39.9398    39.9307     0.1087
 184  125     2.2371    39.9309    39.9200     0.1087
 185  125     4.9178    39.9239    39.9039     0.1086
 186  126     6.6942    39.9127    39.8826     0.1086
 187  126     4.6876    39.9017    39.8810     0.1085
 188  127     5.0128    39.8923    39.8708     0.1085
 189  127     5.6983    39.8819    39.8591     0.1085
 190  128     6.8756    39.8675    39.8380     0.1084
 191  128     9.5286    39.8464    39.8043     0.1083
 192  129    13.5339    39.7818    39.7062     0.1081
 193  129    48.0263    39.5451    39.2811     0.1072
 194  130    -0.3288    39.9632    39.9635     0.1088
 195  130    -0.0024    39.9639    39.9644     0.1088
 196  131    -0.0148    39.9639    39.9624     0.1088
 197  132     0.0139    39.9639    39.9621     0.1088
 198  133     0.0088    39.9639    39.9627     0.1088
 199  134    -0.0032    39.9636    39.9632     0.1088
 200  135    -0.0132    39.9637    39.9622     0.1088
 201  136     0.0890    39.9637    39.9648     0.1088
 202  137     0.0627    39.9637    39.9562     0.1088
 203  138     0.0372    39.9637    39.9586     0.1088
 204  139     0.0732    39.9636    39.9605     0.1088
 205  140    -0.0090    39.9635    39.9641     0.1088
 206  141     0.0087    39.9635    39.9604     0.1088
 207  142     0.0528    39.9634    39.9602     0.1088
 208  143     0.0274    39.9634    39.9595     0.1088
 209  144     0.0646    39.9634    39.9617     0.1088
 210  145     0.0402    39.9633    39.9595     0.1088
 211  146     0.7611    39.9619    39.9529     0.1088
 212  147     1.0628    39.9575    39.9387     0.1088
 213  148     0.8321    39.9530    39.9382     0.1087
 214  149     0.0369    39.9527    39.9504     0.1087
 215  150    -1.5982    39.9533    39.9639     0.1087
 216  151    -0.5134    39.9542    40.0000     0.1087
 217  152    -0.1866    39.9816    39.9823     0.1088
 218  152    -0.0261    39.9817    39.9819     0.1089
 219  153     0.0012    39.9817    39.9810     0.1089
 220  154     0.0086    39.9817    39.9817     0.1089
 221  155     0.0082    39.9817    39.9803     0.1089
 222  156    -0.0073    39.9815    39.9811     0.1088
 223  157     0.0135    39.9815    39.9823     0.1088
 224  158    -0.0191    39.9815    39.9811     0.1088
 225  159     0.0472    39.9814    39.9806     0.1088
 226  160    -0.0094    39.9813    39.9802     0.1088
 227  161     0.0170    39.9813    39.9799     0.1088
 228  162     0.0241    39.9813    39.9793     0.1088
 229  163     0.0081    39.9812    39.9803     0.1088
 230  164    -0.0253    39.9812    39.9815     0.1088
 231  165     0.0549    39.9811    39.9751     0.1088
 232  166     0.1889    39.9804    39.9694     0.1088
 233  167    -0.1647    39.9860    39.9874     0.1089
 234  167    -0.0641    39.9869    39.9866     0.1089
 235  168     0.0416    39.9871    39.9849     0.1089
 236  169    -0.0287    39.9871    39.9889     0.1089
 237  170     0.0068    39.9872    39.9872     0.1089
 238  171    -0.0127    39.9872    39.9879     0.1089
 239  172     0.0004    39.9873    39.9865     0.1089
 240  173    -0.0044    39.9873    39.9855     0.1089
 241  174    -0.0026    39.9873    39.9882     0.1089
 242  175     0.0116    39.9873    39.9851     0.1089
 243  176     0.0003    39.9873    39.9878     0.1089
 244  177     0.0390    39.9871    39.9862     0.1089
 245  178    -0.0158    39.9870    39.9879     0.1089
 246  179     0.0085    39.9874    39.9879     0.1089
 247  180     0.0096    39.9874    39.9880     0.1089
 248  181     0.0028    39.9873    39.9882     0.1089
 249  182     0.0138    39.9873    39.9866     0.1089
 250  183     0.0155    39.9872    39.9841     0.1089
 251  184    -0.0454    39.9872    39.9870     0.1089
 252  185     0.0098    39.9873    39.9848     0.1089
 253  186     0.1554    39.9867    39.9828     0.1089
 254  187    -0.0759    39.9950    39.9954     0.1089
 255  187    -0.0305    39.9954    39.9941     0.1089
 256  187    -0.0048    39.9955    39.9950     0.1089
 257  187    -0.0125    39.9956    39.9940     0.1089
 258  188    -0.0060    39.9957    39.9965     0.1089
 259  189     0.0129    39.9957    39.9958     0.1089
 260  190    -0.0013    39.9957    39.9953     0.1089
 261  191     0.0210    39.9956    39.9953     0.1089
 262  192    -0.0045    39.9955    39.9946     0.1089
 263  193     0.0249    39.9955    39.9943     0.1089
 264  194    -0.0094    39.9955    39.9948     0.1089
 265  195    -0.0104    39.9955    39.9957     0.1089
 266  196     0.0227    39.9955    39.9958     0.1089
 267  197    -0.0102    39.9955    39.9964     0.1089
 268  198    -0.0025    39.9955    39.9954     0.1089
 269  199    -0.0050    39.9955    39.9939     0.1089
 270  200    -0.0130    39.9955    39.9944     0.1089
 271  201     0.0178    39.9955    39.9946     0.1089
 272  202    -0.0484    39.9955    39.9945     0.1089
 273  203    -0.0232    39.9980    39.9980     0.1089
 274  203    -0.0160    39.9981    39.9979     0.1089
 275  203     0.0464    39.9981    39.9958     0.1089
 276  203    -0.0012    39.9980    39.9966     0.1089
 277  204    -0.0158    39.9980    39.9995     0.1089
 278  205     0.0062    39.9978    39.9973     0.1089
 279  206    -0.0142    39.9979    39.9987     0.1089
 280  207     0.0131    39.9979    39.9974     0.1089
 281  208    -0.0057    39.9979    39.9969     0.1089
 282  209    -0.0037    39.9979    39.9974     0.1089
 283  210    -0.0043    39.9979    39.9970     0.1089
 284  211     0.0157    39.9979    39.9962     0.1089
 285  212     0.0326    39.9979    39.9976     0.1089
 286  213    -0.0149    39.9979    39.9975     0.1089
 287  214     0.0553    39.9979    39.9955     0.1089
 288  215     0.0247    39.9979    39.9941     0.1089
 289  216     0.0594    39.9986    39.9973     0.1089
 290  217     0.0453    39.9986    39.9975     0.1089
 291  218    -0.1109    39.9986    39.9987     0.1089
 292  219     0.0640    39.9986    39.9998     0.1089
 293  219    -0.0080    39.9986    39.9991     0.1089
 294  220     0.0147    39.9639    39.9628     0.1088
 295  220    -0.0280    39.9639    39.9623     0.1088
 296  220    -0.0325    39.9639    39.9639     0.1088
 297  221    -0.0516    39.9639    39.9639     0.1088
 298  222    -0.1342    39.9637    39.9628     0.1088
 299  223    -0.1003    39.9637    39.9640     0.1088
 300  224     0.1193    39.9986    39.9965     0.1089
 301  225    -0.1717    39.9993    39.9997     0.1089
 302  225    -0.0696    40.0002    40.0005     0.1089
 303  226   364.9395    32.4575    30.9480     0.0778
 304  226   406.0437    29.9190    28.2370     0.0665
 305  227    22.8773    33.5992    33.2483     0.0828
 306  228   326.0259    31.9622    30.5717     0.0756
 307  228   388.2165    29.6141    27.9616     0.0652
 308  229    19.6180    32.9791    32.4662     0.0801
 309  230     0.0085    39.9638    39.9620     0.1088
 310  230    -0.0538    39.9640    39.9634     0.1088
 311  231     0.0236    39.9637    39.9631     0.1088
 312  232     0.1443    39.9633    39.9608     0.1088
 313  233    -0.0580    39.9634    39.9609     0.1088
 314  234     0.1517    39.9985    39.9998     0.1089
 315  234     0.0191    39.9985    39.9978     0.1089
 316  234    -0.2550    39.9985    39.9995     0.1089
 317  235    -0.0129    39.9986    39.9977     0.1089
 318  235    -0.0309    39.9988    39.9976     0.1089
 319  236    -0.0367    39.9988    39.9982     0.1089
 320  236    -0.0098    39.9988    40.0000     0.1089
 321  237     0.0086    39.9988    39.9999     0.1089
 322  238    -0.0274    39.9818    39.9811     0.1089
 323  239     0.0370    39.9817    39.9782     0.1089
 324  240     0.0425    39.9989    39.9989     0.1089
 325  240     0.0067    39.9989    40.0003     0.1089
 326  241     0.0122    39.9989    39.9980     0.1089
 327  242     0.0635    39.9637    39.9599     0.1088
 328  242     0.4553    39.9636    39.9584     0.1088
 329  243    -0.0741    39.9637    39.9631     0.1088
 330  244   190.5076    31.8869    30.8173     0.0753
 331  244   245.6906    31.6812    30.3020     0.0744
 332  245     6.6362    31.9548    31.7987     0.0756
 333  246     0.0043    39.9638    39.9628     0.1088
 334  247    -0.0040    39.9638    39.9596     0.1088
 335  248   165.2428    32.3222    31.3504     0.0772
 336  249    37.0871    32.4433    31.9052     0.0777
 337  250    -0.1748    39.9640    39.9633     0.1088
 338  251     0.1415    39.9628    39.9571     0.1088
 339  252    13.2235    38.3672    38.0372     0.1026
 340  253    37.0436    38.2790    37.5261     0.1023
 341  254   142.0490    34.0388    32.9333     0.0847
 342  254   269.7477    33.3458    31.2508     0.0817
 343  255    61.0245    34.0726    33.2409     0.0848
 344  256     0.1712    39.9980    39.9968     0.1089
 345  256    -0.0177    39.9974    39.9935     0.1089
 346  257    -0.0939    39.9987    39.9993     0.1089
 347  257    -0.0554    39.9987    39.9994     0.1089
 348  257     0.0349    39.9987    39.9977     0.1089
 349  258    -0.0335    39.9981    39.9989     0.1089
 350  258    -0.0025    39.9981    39.9983     0.1089
 351  259     0.0265    39.9980    39.9973     0.1089
 352  260     0.0196    39.9819    39.9819     0.1089
 353  260    -0.0234    39.9819    39.9801     0.1089
 354  261    -0.0415    39.9820    39.9829     0.1089
 355  261     0.0094    39.9820    39.9808     0.1089
 356  262    -0.0086    39.9747    39.9711     0.1088
 357  263     0.0478    39.9745    39.9702     0.1088
 358  264     8.2622    39.9598    39.9288     0.1088
 359  265    -0.4325    39.9635    39.9625     0.1088
 360  265    15.9259    39.9568    39.8561     0.1088
 361  266    -0.0247    39.9979    39.9984     0.1089
 362  266     0.0423    39.9979    39.9980     0.1089
 363  267     0.0243    39.9979    39.9954     0.1089
 364  268   385.5989    37.1470    35.4803     0.0977
 365  269    98.1213    37.4888    36.4141     0.0991
 366  270     0.1399    39.9984    39.9953     0.1089
 367  271    -0.3073    39.9991    40.0003     0.1089
 368  271    -0.7834    39.9997    40.0025     0.1089
 369  272    -0.0439    39.9873    39.9865     0.1089
 370  273    -0.0255    39.9873    39.9881     0.1089
 371  274   215.0656    37.9221    36.9384     0.1009
 372  274   466.7270    36.6918    34.5644     0.0959
 373  275     7.5823    38.2902    38.0815     0.1023
 374  276     8.1731    39.9623    39.9226     0.1088
 375  277    -0.2149    39.9942    39.9979     0.1089
 376  278   437.0749    33.6131    32.0695     0.0828
 377  279    56.5494    33.8693    33.1663     0.0840
 378  280     0.0819    39.9634    39.9606     0.1088
 379  280     3.0179    39.9610    39.9399     0.1088
 380  281    -0.0009    39.9635    39.9597     0.1088
 381  282    -0.0637    39.9979    39.9982     0.1089
 382  283    -0.0353    39.9978    39.9966     0.1089
 383  284    -0.0750    39.9818    39.9820     0.1089
 384  285     0.0214    39.9816    39.9830     0.1088
 385  286    -0.0561    39.9958    39.9933     0.1089
 386  287     0.2012    39.9953    39.9886     0.1089
 387  288     0.0252    39.9870    39.9847     0.1089
 388  289    -0.0519    39.9872    39.9881     0.1089
 389  290     0.0014    39.9978    39.9970     0.1089
 390  290     0.0279    39.9977    39.9979     0.1089
 391  291    -0.0081    39.9979    39.9981     0.1089
 392  292   138.0048    31.8280    31.3511     0.0750
 393  293    30.2906    31.8635    31.3991     0.0752
 394  294   -27.1907    36.0733    36.1702     0.0933
 395  295    21.7713    36.0561    35.5457     0.0933
 396  296   343.7025    28.0152    26.2988     0.0581
 397  297    96.5332    28.2646    26.9474     0.0592
 398  298   122.9789    37.8101    36.9250     0.1004
 399  298   314.2820    36.2426    33.9893     0.0940
 400  299   128.7473    38.2027    37.6419     0.1020
 401  300    -0.0695    39.9641    39.9620     0.1088
 402  301     0.0731    39.9638    39.9613     0.1088
 403  302    -0.0618    39.9957    39.9951     0.1089
 404  303     0.0187    39.9957    39.9947     0.1089
 405  304     0.0021    39.9955    39.9932     0.1089
 406  305     0.0057    39.9955    39.9941     0.1089
 407  306     1.9304    39.9967    39.9869     0.1089
 408  306    -0.1740    39.9958    39.9966     0.1089
 409  307    -1.1988    40.0025    40.0077     0.1089
 410  307    -0.0366    40.0074    40.0068     0.1089
 411  308     0.0520    39.9869    39.9849     0.1089
 412  308     0.0149    39.9868    39.9862     0.1089
 413  309    -0.0033    39.9869    39.9867     0.1089
 414  310     0.1076    39.9637    39.9630     0.1088
 415  311    -0.0325    39.9637    39.9614     0.1088
 416  311    -0.0473    39.9638    39.9628     0.1088
 417  312     0.0121    39.9638    39.9600     0.1088
 418  313    -0.0153    39.9638    39.9616     0.1088
 419  314    -0.0228    39.9961    39.9916     0.1089
 420  315    -0.0200    39.9960    39.9906     0.1089
 421  316   294.1885    28.1411    26.6748     0.0586
 422  317    99.9017    28.2531    27.1778     0.0591
 423  318   354.6117    30.9711    29.3585     0.0712
 424  319   173.3483    31.9488    30.8753     0.0755
 425  320     0.0028    39.9872    39.9843     0.1089
 426  321    -0.0150    39.9873    39.9873     0.1089
 427  322    12.3778    39.9064    39.8281     0.1086
 428  323    -0.3810    39.9559    40.0046     0.1088
 429  324    -4.9501    34.1909    34.2166     0.0853
 430  325    33.2809    34.1654    33.5945     0.0852
 431  326    -0.2893    39.9744    39.9724     0.1088
 432  327     0.5322    39.9742    39.9623     0.1088
 433  328    -0.0110    39.9747    39.9730     0.1088
 434  329    -0.0424    39.9747    39.9741     0.1088
 435  330     0.0465    39.9991    39.9997     0.1089
 436  331    -0.0071    39.9991    39.9978     0.1089
 437  332    35.7453    34.0968    33.6992     0.0849
 438  333     1.5832    34.1058    34.0682     0.0850
 439  334    -2.8918    39.9754    39.9828     0.1088
 440  335     0.1537    39.9739    39.9693     0.1088
 441  336    -0.1903    39.9647    39.9644     0.1088
 442  337     0.0445    39.9647    39.9613     0.1088
 443  338     1.9854    39.9792    39.9592     0.1088
 444  339    -1.7302    39.9817    40.0126     0.1088
 445  340   351.6652    30.4096    28.6821     0.0687
 446  341    64.4650    31.4593    29.8973     0.0734
 447  342    -0.3114    39.9798    39.9816     0.1088
 448  343    -0.6279    39.9809    39.9877     0.1088
 449  344    88.6644    39.8204    39.5212     0.1082
 450  345    -7.6300    39.8618    39.9541     0.1084
 451  346     0.2137    39.9746    39.9695     0.1088
 452  347    -0.0784    39.9747    39.9673     0.1088
 453  348    -0.2938    39.9992    40.0013     0.1089
 454  349     1.0653    39.9986    39.9928     0.1089
 455  350    91.0444    28.9555    28.0358     0.0622
 456  351    55.4932    29.2322    27.7772     0.0635
 457  352     7.6387    39.9877    39.9572     0.1089
 458  353    -0.4706    39.9916    39.9967     0.1089
 459  354     6.9854    39.9793    39.9474     0.1088
 460  355    -1.3376    39.9858    39.9971     0.1089
 461  356     2.9077    39.9461    39.9131     0.1087
 462  357     3.8305    39.9426    39.8288     0.1087
 463  358   268.1600    33.9063    32.3334     0.0841
 464  359  -170.8071    34.2322    35.0503     0.0855
 465  360     1.2226    39.9824    39.9649     0.1089
 466  361     5.1098    39.9641    39.8286     0.1088
 467  362    -3.6894    40.0065    40.0248     0.1089
 468  362    13.9725    39.9865    39.9100     0.1089
 469  363     4.4329    39.9821    39.9607     0.1089
 470  364   229.9855    27.8945    26.5385     0.0576
 471  365     0.4103    28.6541    28.6410     0.0609
 472  366     0.1236    39.9974    39.9989     0.1089
 473  367     0.0084    39.9978    39.9969     0.1089
 474  368   248.0198    33.4100    31.7323     0.0820
 475  369    28.9982    34.2135    33.8298     0.0854
 476  370    -0.0343    39.9639    39.9601     0.1088
 477  371    -0.0309    39.9639    39.9608     0.1088
 478  372     0.3140    39.9868    39.9804     0.1089
 479  373    -0.5326    39.9893    39.9981     0.1089
 480  374    -0.0406    39.9979    39.9987     0.1089
 481  375    -0.0186    39.9978    39.9982     0.1089
 482  376   319.8513    30.6658    29.1289     0.0699
 483  377    12.1506    31.1713    30.9530     0.0721
 484  378     0.0197    39.9812    39.9806     0.1088
 485  379    -0.0070    39.9813    39.9797     0.1088
 486  380     1.5949    39.9703    39.9530     0.1088
 487  381    -1.0614    39.9754    39.9971     0.1088
 488  382     0.1923    39.9971    39.9957     0.1089
 489  383     0.2514    39.9969    39.9914     0.1089
 490  384    77.2711    31.6058    30.7407     0.0740
 491  385    41.2491    31.7245    31.1189     0.0746
 492  386     0.0264    39.9868    39.9864     0.1089
 493  386    -0.0173    39.9868    39.9869     0.1089
 494  387    -0.0535    39.9871    39.9874     0.1089
 495  388    -0.0408    39.9811    39.9789     0.1088
 496  389    -0.0225    39.9810    39.9789     0.1088
 497  390    27.5206    39.9215    39.7715     0.1086
 498  391    41.5202    39.7742    39.3172     0.1081
 499  392     4.0517    39.9862    39.9619     0.1089
 500  393    10.6286    39.9825    39.8954     0.1089
 501  394    77.2315    34.3397    33.8442     0.0860
 502  395   231.8227    34.2647    32.5957     0.0857
 503  396    -0.0898    39.9875    39.9861     0.1089
 504  397     0.0231    39.9872    39.9859     0.1089
 505  398   375.4619    31.1455    29.7269     0.0720
 506  399    50.0604    31.3239    30.8455     0.0728
 507  400     0.0028    39.9639    39.9643     0.1088
 508  401    -0.0054    39.9639    39.9645     0.1088
 509  402   205.1311    28.5174    27.2075     0.0603
 510  403   101.1134    28.5860    27.6305     0.0606
 511  404     6.3076    39.9530    39.9034     0.1087
 512  405     7.9684    39.9697    39.8791     0.1088
 513  406    28.0425    39.9399    39.8245     0.1087
 514  407    15.5016    39.9070    39.7229     0.1086
 515  408    -1.1469    39.9823    39.9897     0.1089
 516  409     4.0487    39.9651    39.9281     0.1088
 517  410    -0.0536    39.9992    40.0011     0.1089
 518  411    -0.0301    39.9991    39.9995     0.1089
 519  412    14.1299    39.9590    39.8935     0.1088
 520  413    -3.6900    39.9936    40.0274     0.1089
 521  414    -0.0097    39.9494    39.9460     0.1087
 522  415     2.1619    39.9410    39.9045     0.1087
Solute 1: qtsum = -22562.773438, qvsum = 22553.298828
Solute 1: segment length pvseg pevseg qvseg gamma
   0  3750.0000    39.9988    39.9941    23.9662     0.7300
   1   390.0000    39.9983    39.9978     0.1803     0.7300
   2   390.0000    39.9983    39.9972     0.6223     0.7300
   3   390.0000    39.9981    39.9960     1.0784     0.7300
   4   390.0000    39.9979    39.9940     1.7602     0.7300
   5   390.0000    39.9974    39.9874     4.6221     0.7300
   6   390.0000    39.9960    39.9796     8.3272     0.7300
   7   390.0000    39.9947    39.9793     7.5945     0.7300
   8   390.0000    39.9932    39.9737     9.6140     0.7300
   9   390.0000    39.9910    39.9620    14.8211     0.7300
  10   390.0000    39.9864    39.9320    26.4740     0.7300
  11   390.0000    39.9723    39.7120   138.2645     0.7300
  12   390.0000    39.8218    38.4086   753.0480     0.7302
  13   390.0000    39.5074    37.9547   812.4614     0.7432
  14   390.0000    39.0819    37.6133   770.1503     0.7432
  15   390.0000    36.3473    34.6377   742.9753     0.8953
  16   390.0000    31.1508    29.4883   723.5918     0.8953
  17   390.0000    26.6834    25.1307   675.9631     0.8953
  18   390.0000    21.6848    20.1368   673.7255     0.8953
  19   390.0000    15.4696    14.0961   596.8262     0.8953
  20   390.0000     0.6774     0.2025   204.7811     0.8953
  21   390.0000    -5.0183    -5.0825    28.8973     0.8953
  22   473.8143    38.6766    37.2587   897.1538     0.7480
  23    10.5409    38.4198    37.4809    13.2320     0.7480
  24    94.3398    38.0359    37.2024    86.6550     0.9032
  25    18.6339    37.8879    37.2498    11.4582     1.0344
  26    76.1577    36.8966    35.2023   132.8754     0.9724
  27   107.7033    35.9794    34.0861   192.9188     1.0549
  28   100.4988    34.7992    33.1695   148.0986     1.1048
  29    15.0923    34.2869    33.0740    24.1918     0.7554
  30    80.6226    33.8230    32.4956   141.6687     0.7554
  31    82.4621    33.7321    32.3094   155.2608     0.7554
  32    60.0000    33.4073    31.8996    82.5411     1.0961
  33    80.6226    33.0899    31.9287   123.3283     0.7581
  34     6.8719    33.0466    32.3564     6.2705     0.7581
  35    80.0000    32.8812    31.9588    97.4609     0.7581
  36   111.8034    32.7830    31.4442   197.4876     0.7581
  37   120.0000    32.6433    31.2336   222.5113     0.7581
  38    63.2456    32.2968    30.9124    82.1839     1.0633
  39    41.2311    32.0020    30.8487    62.3298     0.7615
  40     9.4281    31.9779    31.7197     3.1648     0.7615
  41    80.0000    31.9047    31.1737    76.8230     0.7615
  42    10.1379    31.8750    31.5659     4.0975     0.7615
  43    84.8528    31.8284    31.2146    68.5896     0.7615
  44    58.3095    31.7954    31.5148    21.4078     0.7615
  45    50.0000    31.7496    31.3300    22.9815     0.9111
  46   463.8965    36.9723    35.2754   803.4172     0.9790
  47    13.0171    33.9319    33.3496     7.2139     1.0440
  48    94.3398    33.7645    32.6298   138.5207     0.7722
  49    11.7851    33.6870    32.2019    22.6139     0.7722
  50    67.0820    33.5081    33.1644    29.6735     0.7722
  51    92.1954    33.4193    32.1113   155.6356     0.7722
  52    89.4427    33.2682    31.8841   160.0647     0.7722
  53    60.0000    33.1399    31.7393   108.4419     0.7722
  54   100.0000    33.0005    31.5795   183.8263     0.7722
  55    70.0000    32.8308    31.4204   123.3038     0.7981
  56    80.6226    32.6474    31.4238   121.8247     0.8062
  57    12.6930    32.5255    31.3225    18.7124     0.8157
  58    70.7107    32.1405    31.1667    72.8528     0.9438
  59    13.4371    31.8802    31.1240    11.8286     0.8579
  60    63.2456    31.4110    30.5990    53.8711     0.9482
  61    10.1379    31.2125    30.5885     6.4600     0.9784
  62    58.3095    31.0073    30.1596    43.8061     1.1285
  63    67.0820    30.5928    29.1843    82.4022     1.1457
  64    53.8516    30.1783    28.7201    87.7580     0.8930
  65    70.7107    29.8489    28.4180   113.0225     0.8930
  66    92.1954    29.3381    27.4196   198.0381     0.8930
  67   475.3946    37.9139    36.8218   520.7014     0.9938
  68    16.6666    36.0904    35.6367     7.5927     0.9871
  69    72.8011    35.8764    35.2077    49.1459     0.9871
  70    60.8276    35.5342    34.7327    49.1463     0.9871
  71    85.4400    35.0859    34.1499    80.5967     0.9871
  72    98.4886    34.7575    33.6847   135.9579     0.7734
  73    70.7107    34.6675    33.5596   101.0931     0.7734
  74    80.6226    34.4397    33.6670    55.5856     1.1128
  75    13.4371    34.2486    33.9373     5.3712     0.7766
  76     8.9753    34.1774    33.4985     7.8203     0.7766
  77    60.8276    34.1395    33.6200    40.8547     0.7766
  78    17.9506    34.1142    33.8637     4.7310     0.9505
  79    63.2456    34.0576    33.8305    14.1249     1.0131
  80    63.2456    33.3003    29.6263   210.9469     1.0997
  81   501.5974    39.9939    40.0003    -4.9120     0.7982
  82    41.2311    39.9958    39.9905     0.2365     0.7982
  83    21.0818    39.9956    39.9900     0.0532     0.7982
  84    82.4621    39.9947    39.9821     0.6224     0.7982
  85    72.8011    39.9939    39.9842     0.5474     0.7982
  86    70.0000    39.9937    39.9921    -0.2069     0.7982
  87    10.5409    39.9939    40.0065    -0.1904     0.7982
  88    72.8011    39.9944    39.9889    -0.0626     0.7982
  89   104.4031    39.9939    39.9839     0.8817     0.7982
  90    67.0820    39.9904    39.9668     1.4923     0.9420
  91    58.3095    39.9835    39.9624     1.0360     1.0170
  92    72.8011    39.9772    39.9663     0.5885     1.0643
  93    10.5409    39.9748    39.9604     0.1269     0.8317
  94    10.5409    39.9743    39.9722    -0.0244     0.8317
  95   766.8768    39.9984    39.9981    -0.1107     0.8317
  96     8.3333    39.9986    40.0031    -0.0254     0.9514
  97    11.6666    39.9987    40.0001    -0.0207     1.0137
  98    80.0000    39.9988    39.9970     0.0084     1.1015
  99    70.7107    39.9987    39.9985     0.0168     0.9002
 100    53.8516    39.9987    39.9983    -0.0163     0.9002
 101    92.1954    39.9987    39.9997     0.0241     0.9002
 102    60.8276    39.9987    39.9977    -0.0323     1.0302
 103    67.0820    39.9988    39.9974     0.0132     0.9703
 104    53.8516    39.9987    39.9968     0.0267     0.9703
 105    50.0000    39.9987    39.9988    -0.0355     0.9703
 106    64.0312    39.9991    39.9991    -0.0682     0.9703
 107     8.9753    39.9992    39.9924     0.0369     0.9703
 108    60.0000    39.9988    39.9971     0.0933     0.9703
 109   390.0000    39.9983    39.9991     0.0438     0.8041
 110   390.0000    39.9982    39.9966     0.2532     0.8041
 111   390.0000    39.9965    39.9951     0.4302     1.1176
 112   390.0000    39.9942    39.9924     0.7468     0.8140
 113   390.0000    39.9929    39.9886     1.5209     0.8140
 114   390.0000    39.9903    39.9854     2.0288     0.8140
 115   390.0000    39.9882    39.9851     1.4575     0.8140
 116   390.0000    39.9864    39.9831     1.4083     0.8140
 117   390.0000    39.9844    39.9814     1.4712     0.8140
 118   390.0000    39.9825    39.9789     1.5149     0.8140
 119   390.0000    39.9804    39.9779     1.7237     0.8140
 120   390.0000    39.9727    39.9671     1.7214     1.0965
 121   390.0000    39.9643    39.9592     2.1588     0.8267
 122   390.0000    39.9605    39.9532     2.7241     0.8267
 123   390.0000    39.9461    39.9378     3.2648     1.0605
 124   390.0000    39.9274    39.9119     7.1550     0.8442
 125   390.0000    39.9072    39.8818    11.3817     0.8442
 126   390.0000    39.8871    39.8649    10.7112     0.8442
 127   390.0000    39.8569    39.8212    16.4042     0.8763
 128   390.0000    39.6634    39.4936    61.5602     1.0658
 129   471.2749    39.9636    39.9640    -0.3313     0.9263
 130    40.0000    39.9639    39.9624    -0.0148     1.0159
 131    10.1379    39.9639    39.9621     0.0139     1.0263
 132    10.5409    39.9639    39.9627     0.0088     1.0670
 133    67.0820    39.9636    39.9632    -0.0032     1.0670
 134    80.0000    39.9637    39.9622    -0.0132     1.0670
 135    84.8528    39.9637    39.9648     0.0890     0.7723
 136    13.4370    39.9637    39.9562     0.0627     0.7723
 137    13.7437    39.9637    39.9586     0.0372     0.7723
 138    90.0000    39.9636    39.9605     0.0732     1.0088
 139    50.6897    39.9635    39.9641    -0.0090     1.1212
 140    67.0820    39.9635    39.9604     0.0087     1.1269
 141    76.1577    39.9634    39.9602     0.0528     0.7783
 142    17.1594    39.9634    39.9595     0.0274     0.7783
 143    84.8528    39.9634    39.9617     0.0646     0.7783
 144    10.6719    39.9633    39.9595     0.0402     0.7783
 145    63.2456    39.9619    39.9529     0.7611     0.7783
 146    72.1110    39.9575    39.9387     1.0628     1.1063
 147    64.0312    39.9530    39.9382     0.8321     0.7861
 148    78.1025    39.9527    39.9504     0.0369     0.7861
 149    86.0233    39.9533    39.9639    -1.5982     0.7861
 150     8.9753    39.9542    40.0000    -0.5134     0.7861
 151   445.5152    39.9817    39.9821    -0.2127     0.7861
 152    36.3371    39.9817    39.9810     0.0012     0.7861
 153    89.4427    39.9817    39.9817     0.0086     0.7861
 154    15.7233    39.9817    39.9803     0.0082     0.9065
 155    76.1577    39.9815    39.9811    -0.0073     0.9423
 156    89.4427    39.9815    39.9823     0.0135     1.0334
 157    58.3095    39.9815    39.9811    -0.0191     1.0456
 158    72.1110    39.9814    39.9806     0.0472     1.1393
 159    10.5409    39.9813    39.9802    -0.0094     0.8258
 160    89.4427    39.9813    39.9799     0.0170     0.8258
 161    76.1577    39.9813    39.9793     0.0241     0.8327
 162    76.1577    39.9812    39.9803     0.0081     1.0497
 163    58.3095    39.9812    39.9815    -0.0253     0.8525
 164    11.7851    39.9811    39.9751     0.0549     0.9400
 165    24.0370    39.9804    39.9694     0.1889     1.0045
 166   466.5659    39.9865    39.9870    -0.2288     1.0798
 167    71.5479    39.9871    39.9849     0.0416     0.9788
 168    70.0000    39.9871    39.9889    -0.0287     1.0605
 169    78.1870    39.9872    39.9872     0.0068     1.1158
 170   111.8034    39.9872    39.9879    -0.0127     1.2305
 171    56.5685    39.9873    39.9865     0.0004     0.7658
 172    80.6226    39.9873    39.9855    -0.0044     0.7658
 173   116.6190    39.9873    39.9882    -0.0026     0.7956
 174    80.6226    39.9873    39.9851     0.0116     0.9716
 175    18.6339    39.9873    39.9878     0.0003     1.0804
 176    80.6226    39.9871    39.9862     0.0390     1.0692
 177    12.0185    39.9870    39.9879    -0.0158     0.8207
 178    78.1025    39.9874    39.9879     0.0085     0.8334
 179    64.0312    39.9874    39.9880     0.0096     1.0367
 180    50.9902    39.9873    39.9882     0.0028     0.8576
 181    50.9902    39.9873    39.9866     0.0138     1.0703
 182    12.0185    39.9872    39.9841     0.0155     0.9033
 183    70.7107    39.9872    39.9870    -0.0454     0.9507
 184    15.3659    39.9873    39.9848     0.0098     1.0424
 185    70.7107    39.9867    39.9828     0.1554     1.0568
 186   751.0659    39.9954    39.9946    -0.1237     1.0885
 187    36.0555    39.9957    39.9965    -0.0060     1.1062
 188    78.1025    39.9957    39.9958     0.0129     0.8415
 189    17.7169    39.9957    39.9953    -0.0013     0.8415
 190   131.5295    39.9956    39.9953     0.0210     1.1286
 191   102.9563    39.9955    39.9946    -0.0045     0.8566
 192   106.3015    39.9955    39.9943     0.0249     0.8566
 193   108.1665    39.9955    39.9948    -0.0094     0.8566
 194   111.8034    39.9955    39.9957    -0.0104     0.8566
 195   104.4031    39.9955    39.9958     0.0227     0.8566
 196    15.8114    39.9955    39.9964    -0.0102     0.8566
 197    72.1110    39.9955    39.9954    -0.0025     0.8566
 198    94.8683    39.9955    39.9939    -0.0050     0.8566
 199   106.3015    39.9955    39.9944    -0.0130     0.8566
 200    78.1025    39.9955    39.9946     0.0178     0.8566
 201    67.0820    39.9955    39.9945    -0.0484     0.8566
 202   755.0002    39.9981    39.9971     0.0060     0.9153
 203     9.0230    39.9980    39.9995    -0.0158     0.9600
 204   141.4214    39.9978    39.9973     0.0062     1.0413
 205    89.4427    39.9979    39.9987    -0.0142     1.0824
 206    19.5078    39.9979    39.9974     0.0131     1.1083
 207    86.0233    39.9979    39.9969    -0.0057     1.0326
 208    13.0171    39.9979    39.9974    -0.0037     1.1212
 209    80.0000    39.9979    39.9970    -0.0043     1.1985
 210    10.5409    39.9979    39.9962     0.0157     1.1985
 211    16.9968    39.9979    39.9976     0.0326     0.7300
 212    72.1110    39.9979    39.9975    -0.0149     0.7300
 213    80.6226    39.9979    39.9955     0.0553     0.7300
 214    12.1335    39.9979    39.9941     0.0247     0.7300
 215   141.6717    39.9986    39.9973     0.0594     0.7300
 216    41.6667    39.9986    39.9975     0.0453     0.7300
 217   107.2554    39.9986    39.9987    -0.1109     0.7300
 218   354.1793    39.9986    39.9995     0.0559     0.7300
 219   540.1566    39.9639    39.9630    -0.0458     0.7300
 220    50.6897    39.9639    39.9639    -0.0516     0.7300
 221   203.1320    39.9637    39.9628    -0.1342     0.7361
 222    67.1855    39.9637    39.9640    -0.1003     0.7361
 223   125.2985    39.9986    39.9965     0.1193     0.7361
 224   354.1792    39.9998    40.0001    -0.2413     0.8990
 225   435.0768    31.1882    29.5925   770.9832     0.8990
 226    58.9256    33.5992    33.2483    22.8773     0.8990
 227   422.2864    30.7882    29.2667   714.2424     0.8990
 228    34.3592    32.9791    32.4662    19.6180     0.8990
 229   444.9522    39.9639    39.9627    -0.0453     0.8990
 230    52.7046    39.9637    39.9631     0.0236     0.8990
 231   201.9818    39.9633    39.9608     0.1443     0.7401
 232    85.7969    39.9634    39.9609    -0.0580     0.7401
 233   668.6373    39.9985    39.9990    -0.0841     0.7401
 234   303.7697    39.9987    39.9976    -0.0438     1.0177
 235   351.0987    39.9988    39.9991    -0.0465     0.7419
 236    58.3334    39.9988    39.9999     0.0086     0.7419
 237    59.7069    39.9818    39.9811    -0.0274     1.0337
 238    13.1027    39.9817    39.9782     0.0370     0.7436
 239   355.5583    39.9989    39.9996     0.0491     0.7436
 240    55.2076    39.9989    39.9980     0.0122     0.7436
 241   288.9165    39.9636    39.9592     0.5189     0.7436
 242    68.7184    39.9637    39.9631    -0.0741     0.7436
 243   285.5069    31.7840    30.5597   436.1982     0.8009
 244    47.1405    31.9548    31.7987     6.6362     1.0950
 245   119.9925    39.9638    39.9628     0.0043     0.8119
 246    14.2702    39.9638    39.9596    -0.0040     0.8423
 247   148.8321    32.3222    31.3504   165.2428     0.8724
 248    63.4648    32.4433    31.9052    37.0871     0.9189
 249   207.8735    39.9640    39.9633    -0.1748     0.9595
 250    53.3594    39.9628    39.9571     0.1415     1.1271
 251    43.6126    38.3672    38.0372    13.2235     1.0739
 252    52.7046    38.2790    37.5261    37.0436     1.0637
 253   250.0694    33.6923    32.0921   411.7968     0.9692
 254    75.4615    34.0726    33.2409    61.0245     1.0263
 255   472.5144    39.9977    39.9951     0.1535     1.1445
 256   536.2769    39.9987    39.9988    -0.1144     0.7600
 257   273.1613    39.9981    39.9986    -0.0360     0.7600
 258    45.1152    39.9980    39.9973     0.0265     1.0585
 259   402.4064    39.9819    39.9810    -0.0038     0.7636
 260   298.5347    39.9820    39.9818    -0.0321     0.7636
 261   188.3144    39.9747    39.9711    -0.0086     0.7636
 262    52.7046    39.9745    39.9702     0.0478     1.0459
 263   217.5673    39.9598    39.9288     8.2622     0.7676
 264   252.2777    39.9602    39.9093    15.4935     0.7676
 265   283.2248    39.9979    39.9982     0.0177     0.7676
 266    65.0854    39.9979    39.9954     0.0243     0.7676
 267   214.0660    37.1470    35.4803   385.5989     0.9223
 268    93.1695    37.4888    36.4141    98.1213     1.0232
 269    69.4359    39.9984    39.9953     0.1399     1.0111
 270   276.0384    39.9994    40.0014    -1.0907     0.7785
 271   240.0936    39.9873    39.9865    -0.0439     0.7785
 272    93.1695    39.9873    39.9881    -0.0255     0.7785
 273   408.5110    37.3070    35.7514   681.7926     0.9305
 274    36.3438    38.2902    38.0815     7.5823     0.9887
 275   240.3483    39.9623    39.9226     8.1731     1.0821
 276    52.7046    39.9942    39.9979    -0.2149     0.8084
 277   228.9593    33.6131    32.0695   437.0749     0.8084
 278    65.0854    33.8693    33.1663    56.5494     0.8084
 279   294.2813    39.9622    39.9502     3.0998     0.8084
 280    10.1379    39.9635    39.9597    -0.0009     0.8084
 281   211.2464    39.9979    39.9982    -0.0637     0.8084
 282    52.7046    39.9978    39.9966    -0.0353     0.8084
 283   205.5172    39.9818    39.9820    -0.0750     0.8890
 284    65.5137    39.9816    39.9830     0.0214     0.9451
 285    42.0469    39.9958    39.9933    -0.0561     1.0554
 286    42.1637    39.9953    39.9886     0.2012     0.8809
 287    38.1791    39.9870    39.9847     0.0252     0.9096
 288    60.0925    39.9872    39.9881    -0.0519     0.9906
 289   273.3950    39.9978    39.9974     0.0293     1.0215
 290    97.5392    39.9979    39.9981    -0.0081     1.1618
 291   224.8067    31.8280    31.3511   138.0048     0.7760
 292    50.6897    31.8635    31.3991    30.2906     0.7760
 293   216.2213    36.0733    36.1702   -27.1907     0.7760
 294    33.3334    36.0561    35.5457    21.7713     0.7760
 295   192.8169    28.0152    26.2988   343.7025     0.9623
 296    77.3576    28.2646    26.9474    96.5332     1.0505
 297   300.5457    37.0263    35.4571   437.2609     1.0772
 298   181.7189    38.2027    37.6419   128.7473     0.7940
 299   232.6667    39.9641    39.9620    -0.0695     1.1275
 300    71.3506    39.9638    39.9613     0.0731     0.8028
 301   235.2127    39.9957    39.9951    -0.0618     0.8028
 302    88.5845    39.9957    39.9947     0.0187     0.8028
 303   209.6451    39.9955    39.9932     0.0021     0.8028
 304    79.0569    39.9955    39.9941     0.0057     0.8028
 305   405.3946    39.9962    39.9917     1.7564     0.8028
 306   347.1796    40.0050    40.0072    -1.2355     1.0998
 307   282.0022    39.9869    39.9856     0.0669     0.8136
 308    31.8160    39.9869    39.9867    -0.0033     0.8136
 309   170.3461    39.9637    39.9630     0.1076     0.8136
 310   265.2482    39.9638    39.9621    -0.0798     0.8136
 311    95.2651    39.9638    39.9600     0.0121     0.8136
 312   130.1023    39.9638    39.9616    -0.0153     0.8136
 313   221.9291    39.9961    39.9916    -0.0228     1.0669
 314   210.2346    39.9960    39.9906    -0.0200     0.8287
 315   166.5451    28.1411    26.6748   294.1885     0.8287
 316    78.0826    28.2531    27.1778    99.9017     0.8370
 317   231.6279    30.9711    29.3585   354.6117     1.0550
 318   139.2369    31.9488    30.8753   173.3483     0.8612
 319   184.2444    39.9872    39.9843     0.0028     1.0293
 320    76.8295    39.9873    39.9873    -0.0150     0.9222
 321   164.0427    39.9064    39.8281    12.3778     0.9991
 322     7.4794    39.9559    40.0046    -0.3810     1.0406
 323   213.9508    34.1909    34.2166    -4.9501     1.1985
 324    44.8764    34.1654    33.5945    33.2809     0.7652
 325    88.0356    39.9744    39.9724    -0.2893     0.7652
 326    52.7046    39.9742    39.9623     0.5322     0.7652
 327    73.9039    39.9747    39.9730    -0.0110     0.7652
 328    80.6464    39.9747    39.9741    -0.0424     0.7652
 329    41.8032    39.9991    39.9997     0.0465     0.7652
 330     7.4794    39.9991    39.9978    -0.0071     0.7652
 331    69.5747    34.0968    33.6992    35.7453     0.7652
 332    35.9011    34.1058    34.0682     1.5832     0.7652
 333   242.2134    39.9754    39.9828    -2.8918     0.7652
 334   115.1361    39.9739    39.9693     0.1537     1.1058
 335   236.4967    39.9647    39.9644    -0.1903     0.7681
 336    81.8959    39.9647    39.9613     0.0445     0.7681
 337    85.9126    39.9792    39.9592     1.9854     0.7681
 338    48.0740    39.9817    40.0126    -1.7302     0.9234
 339   218.2071    30.4096    28.6821   351.6652     1.0705
 340    40.7310    31.4593    29.8973    64.4650     0.9837
 341   156.3195    39.9798    39.9816    -0.3114     1.0661
 342    79.3065    39.9809    39.9877    -0.6279     1.1216
 343   233.4334    39.8204    39.5212    88.6644     0.7789
 344    62.5782    39.8618    39.9541    -7.6300     0.7789
 345   183.9546    39.9746    39.9695     0.2137     0.7789
 346   161.6802    39.9747    39.9673    -0.0784     0.7789
 347   106.1752    39.9992    40.0013    -0.2938     0.7789
 348   209.0160    39.9986    39.9928     1.0653     0.7789
 349   109.1073    28.9555    28.0358    91.0444     1.0950
 350    30.0714    29.2322    27.7772    55.4932     0.7883
 351   195.0112    39.9877    39.9572     7.6387     0.7883
 352    55.8389    39.9916    39.9967    -0.4706     0.7883
 353   171.2913    39.9793    39.9474     6.9854     0.7978
 354   102.8587    39.9858    39.9971    -1.3376     0.9586
 355    94.8127    39.9461    39.9131     2.9077     1.0282
 356    37.3970    39.9426    39.8288     3.8305     1.0993
 357   141.2702    33.9063    32.3334   268.1600     0.8267
 358   174.7420    34.2322    35.0503  -170.8071     0.8361
 359    64.9669    39.9824    39.9649     1.2226     0.8466
 360    39.0023    39.9641    39.8286     5.1098     1.0196
 361   332.7639    39.9965    39.9674    10.2831     0.8992
 362   212.3504    39.9821    39.9607     4.4329     0.9786
 363   171.7283    27.8945    26.5385   229.9855     1.0148
 364    38.6627    28.6541    28.6410     0.4103     1.1585
 365   179.4775    39.9974    39.9989     0.1236     1.1663
 366    14.1639    39.9978    39.9969     0.0084     1.1046
 367   163.4854    33.4100    31.7323   248.0198     1.1046
 368    67.1855    34.2135    33.8298    28.9982     0.8820
 369   159.2898    39.9639    39.9601    -0.0343     0.8820
 370    87.9183    39.9639    39.9608    -0.0309     0.8820
 371    51.6707    39.9868    39.9804     0.3140     0.8820
 372   100.7529    39.9893    39.9981    -0.5326     1.1327
 373   165.5143    39.9979    39.9987    -0.0406     0.9162
 374    70.8197    39.9978    39.9982    -0.0186     0.9162
 375   190.9401    30.6658    29.1289   319.8513     0.9162
 376    50.6897    31.1713    30.9530    12.1506     0.9162
 377   199.2103    39.9812    39.9806     0.0197     0.9162
 378    52.7046    39.9813    39.9797    -0.0070     0.9162
 379   115.3370    39.9703    39.9530     1.5949     0.9162
 380    38.1523    39.9754    39.9971    -1.0614     0.9162
 381   190.5119    39.9971    39.9957     0.1923     1.0556
 382    60.6676    39.9969    39.9914     0.2514     0.9805
 383    87.7758    31.6058    30.7407    77.2711     0.9805
 384    67.1855    31.7245    31.1189    41.2491     0.9805
 385   271.7112    39.9868    39.9866     0.0091     0.9805
 386   159.0797    39.9871    39.9874    -0.0535     0.9805
 387   182.3379    39.9811    39.9789    -0.0408     0.9805
 388    58.9255    39.9810    39.9789    -0.0225     0.8118
 389   152.6310    39.9215    39.7715    27.5206     0.8118
 390   103.8200    39.7742    39.3172    41.5202     1.1366
 391   166.3964    39.9862    39.9619     4.0517     0.8216
 392   103.0749    39.9825    39.8954    10.6286     0.8216
 393   128.4063    34.3397    33.8442    77.2315     0.8216
 394   114.1496    34.2647    32.5957   231.8227     0.8216
 395   185.6146    39.9875    39.9861    -0.0898     1.1144
 396    60.0925    39.9872    39.9859     0.0231     0.8337
 397   220.4308    31.1455    29.7269   375.4619     0.8337
 398    87.7758    31.3239    30.8455    50.0604     0.8337
 399   141.5569    39.9639    39.9643     0.0028     1.0906
 400    22.5126    39.9639    39.9645    -0.0054     0.8490
 401   133.2353    28.5174    27.2075   205.1311     0.8490
 402    90.2028    28.5860    27.6305   101.1134     0.8490
 403   141.9778    39.9530    39.9034     6.3076     1.1017
 404    82.4624    39.9697    39.8791     7.9684     0.8802
 405   218.8011    39.9399    39.8245    28.0425     0.8802
 406    94.0454    39.9070    39.7229    15.5016     1.1071
 407   131.7473    39.9823    39.9897    -1.1469     0.9196
 408   136.1243    39.9651    39.9281     4.0487     1.1128
 409   191.5658    39.9992    40.0011    -0.0536     0.9639
 410    37.3970    39.9991    39.9995    -0.0301     0.9639
 411   215.7631    39.9590    39.8935    14.1299     0.9639
 412   103.3413    39.9936    40.0274    -3.6900     0.9639
 413   114.8165    39.9494    39.9460    -0.0097     1.0205
 414    73.5218    39.9410    39.9045     2.1619     1.1346
