415 522
Segment start coords, direction cosines, length
     -6000          0         10          1          0          0    234.375
     -2250          0         10          0          1          0        195
     -2250        390         10          0          1          0        195
     -2250        780         10          0          1          0        195
     -2250       1170         10          0          1          0        195
     -2250       1560         10          0          1          0        195
     -2250       1950         10          1          0          0        195
     -1860       1950         10          1          0          0        195
     -1470       1950         10          1          0          0        195
     -1080       1950         10          1          0          0        195
      -690       1950         10          1          0          0        195
      -300       1950         10          1          0          0        195
        90       1950         10          1          0          0        195
       480       1950         10          1          0          0        195
       870       1950         10          1          0          0        195
      1260       1950         10          1          0          0        195
      1650       1950         10          1          0          0        195
      2040       1950         10          0         -1          0        195
      2040       1560         10          0         -1          0        195
      2040       1170         10          0         -1          0        195
      2040        780         10          0         -1          0        195
      2040        390         10          0         -1          0        195
      1260       1950         10  -0.126632   -0.99195          0    236.907
      1200       1480         10   0.316231  -0.948682          0    10.5409
      1220       1420         10   0.529999  -0.847998          0    94.3398
      1270       1340         10   0.447216  -0.894426          0    18.6339
      1320       1240         10   0.393919  -0.919145          0    76.1577
      1350       1170         10   0.371391  -0.928477          0    107.703
      1390       1070         10  0.0995037  -0.995037          0    100.499
      1400        970         10   0.110429  -0.993884          0    15.0923
      1410        880         10   0.496139  -0.868243          0    80.6226
      1450        810         10   0.242536  -0.970142          0    82.4621
      1470        730         10          0         -1          0         60
      1470        670         10  -0.124035  -0.992278          0    80.6226
      1460        590         10  -0.242529  -0.970144          0    6.87185
      1450        550         10          0         -1          0         80
      1450        470         10  -0.178885   -0.98387          0    111.803
      1430        360         10          0         -1          0        120
      1430        240         10  -0.316228  -0.948683          0    63.2456
      1410        180         10  -0.970142  -0.242536          0    41.2311
      1370        170         10  -0.707104  -0.707109          0    9.42807
      1330        130         10          0         -1          0         80
      1330         50         10  -0.986394  -0.164399          0    10.1379
      1270         40         10  -0.707107  -0.707107          0    84.8528
      1210        -20         10  -0.857493  -0.514496          0    58.3095
      1160        -50         10       -0.8       -0.6          0         50
       480       1950         10  -0.129339    -0.9916          0    231.948
       420       1490         10   0.640185  -0.768221          0    13.0171
       470       1430         10   0.529999  -0.847998          0    94.3398
       520       1350         10   0.141424  -0.989949          0    11.7851
       530       1280         10  -0.447214  -0.894427          0     67.082
       500       1220         10  -0.650791  -0.759257          0    92.1954
       440       1150         10  -0.447214  -0.894427          0    89.4427
       400       1070         10          0         -1          0         60
       400       1010         10          0         -1          0        100
       400        910         10          0         -1          0         70
       400        840         10   0.124035  -0.992278          0    80.6226
       410        760         10   0.393919  -0.919145          0     12.693
       440        690         10  -0.141421  -0.989949          0    70.7107
       430        620         10   0.124034  -0.992278          0    13.4371
       440        540         10   0.316228  -0.948683          0    63.2456
       460        480         10   0.164398  -0.986394          0    10.1379
       470        420         10  -0.514496  -0.857493          0    58.3095
       440        370         10  -0.447214  -0.894427          0     67.082
       410        310         10  -0.371391  -0.928477          0    53.8516
       390        260         10   0.141421  -0.989949          0    70.7107
       400        190         10    0.21693  -0.976187          0    92.1954
        90       1950         10  -0.252422  -0.967617          0    237.697
       -30       1490         10          0         -1          0    16.6666
       -30       1440         10   0.274721  -0.961524          0    72.8011
       -10       1370         10   0.164399  -0.986394          0    60.8276
         0       1310         10   0.351123  -0.936329          0      85.44
        30       1230         10   0.406138  -0.913812          0    98.4886
        70       1140         10  -0.141421  -0.989949          0    70.7107
        60       1070         10  -0.124035  -0.992278          0    80.6226
        50        990         10  -0.124035  -0.992278          0    13.4371
        40        910         10  -0.371391  -0.928476          0    8.97526
        20        860         10   0.164399  -0.986394          0    60.8276
        30        800         10   -0.37139  -0.928477          0    17.9506
        10        750         10   0.316228  -0.948683          0    63.2456
        30        690         10   0.316228  -0.948683          0    63.2456
      -690       1950         10   0.398726   -0.91707          0    167.199
      -490       1490         10  -0.242536  -0.970142          0    41.2311
      -500       1450         10   0.316227  -0.948683          0    21.0818
      -480       1390         10   0.242536  -0.970142          0    82.4621
      -460       1310         10   0.274721  -0.961524          0    72.8011
      -440       1240         10          0         -1          0         70
      -440       1170         10  -0.316229  -0.948683          0    10.5409
      -460       1110         10   0.274721  -0.961524          0    72.8011
      -440       1040         10   0.287348  -0.957826          0    104.403
      -410        940         10   0.447214  -0.894427          0     67.082
      -380        880         10  -0.514496  -0.857493          0    58.3095
      -410        830         10  -0.274721  -0.961524          0    72.8011
      -430        760         10  -0.316229  -0.948683          0    10.5409
      -450        700         10   0.316229  -0.948683          0    10.5409
     -2250        390         10   0.977993  -0.208638          0    191.719
     -1500        230         10   0.799998  -0.600002          0     8.3333
     -1460        200         10          1          0          0    11.6666
     -1390        200         10          1          0          0         80
     -1310        200         10   0.989949   0.141421          0    70.7107
     -1240        210         10   0.928477  -0.371391          0    53.8516
     -1190        190         10   0.976187   -0.21693          0    92.1954
     -1100        170         10   0.986394  -0.164399          0    60.8276
     -1040        160         10   0.894427  -0.447214          0     67.082
      -980        130         10   0.928477  -0.371391          0    53.8516
      -930        110         10        0.8        0.6          0         50
      -890        140         10   0.624695   0.780869          0    64.0312
      -850        190         10   0.928477   0.371391          0    8.97525
      -800        210         10          1          0          0         60
     -2250          0         10          0         -1          0        195
     -2250       -390         10          0         -1          0        195
     -2250       -780         10          0         -1          0        195
     -2250      -1170         10          0         -1          0        195
     -2250      -1560         10          0         -1          0        195
     -2250      -1950         10          1          0          0        195
     -1860      -1950         10          1          0          0        195
     -1470      -1950         10          1          0          0        195
     -1080      -1950         10          1          0          0        195
      -690      -1950         10          1          0          0        195
      -300      -1950         10          1          0          0        195
        90      -1950         10          1          0          0        195
       480      -1950         10          1          0          0        195
       870      -1950         10          1          0          0        195
      1260      -1950         10          1          0          0        195
      1650      -1950         10          1          0          0        195
      2040      -1950         10          0          1          0        195
      2040      -1560         10          0          1          0        195
      2040      -1170         10          0          1          0        195
      2040       -780         10          0          1          0        195
       870      -1950         10   0.297067   0.954857          0    235.637
      1010      -1500         10          0          1          0         40
      1010      -1460         10   0.164401   0.986394          0    10.1379
      1020      -1400         10   0.316226   0.948684          0    10.5409
      1040      -1340         10   0.447214   0.894427          0     67.082
      1070      -1280         10          0          1          0         80
      1070      -1200         10   0.707107   0.707107          0    84.8528
      1130      -1140         10   0.496138   0.868244          0     13.437
      1170      -1070         10   0.242538   0.970142          0    13.7437
      1190       -990         10          0          1          0         90
      1190       -900         10     0.1644   0.986394          0    50.6897
      1200       -840         10  -0.447214   0.894427          0     67.082
      1170       -780         10  -0.393919   0.919145          0    76.1577
      1140       -710         10  -0.485645   0.874156          0    17.1594
      1090       -620         10  -0.707107   0.707107          0    84.8528
      1030       -560         10  -0.624697   0.780867          0    10.6719
       990       -510         10  -0.316228   0.948683          0    63.2456
       970       -450         10   -0.83205     0.5547          0     72.111
       910       -410         10  -0.780869   0.624695          0    64.0312
       860       -370         10  -0.768221   0.640184          0    78.1025
       800       -320         10  -0.581238   0.813733          0    86.0233
       750       -250         10  -0.371389   0.928477          0    8.97526
      -300      -1950         10  0.0448918   0.998992          0    222.758
      -280   -1504.93         10   0.275201   0.961387          0    36.3371
      -270      -1470         10   0.894427   0.447214          0    89.4427
      -190      -1430         10   0.529998   0.847999          0    15.7233
      -140      -1350         10   0.393919   0.919145          0    76.1577
      -110      -1280         10   0.447214   0.894427          0    89.4427
       -70      -1200         10   0.514496   0.857493          0    58.3095
       -40      -1150         10    0.83205     0.5547          0     72.111
        20      -1110         10   0.316228   0.948683          0    10.5409
        40      -1050         10   0.894427   0.447214          0    89.4427
       120      -1010         10   0.393919   0.919145          0    76.1577
       150       -940         10   0.393919   0.919145          0    76.1577
       180       -870         10   0.514496   0.857493          0    58.3095
       210       -820         10   0.141422   0.989949          0    11.7851
       220       -750         10     0.5547    0.83205          0     24.037
     -1080      -1950         10  -0.300065   0.953919          0    233.283
     -1220   -1504.93         10   0.978366   0.206882          0    71.5479
     -1150   -1490.13         10          1          0          0         70
     -1080   -1490.13         10   0.767391    0.64118          0     78.187
     -1020      -1440         10    0.98387   0.178885          0    111.803
      -910      -1420         10   0.707107   0.707107          0    56.5685
      -870      -1380         10   0.496139   0.868243          0    80.6226
      -830      -1310         10   0.857493   0.514496          0    116.619
      -730      -1250         10   0.868243   0.496139          0    80.6226
      -660      -1210         10   0.894427   0.447215          0    18.6339
      -560      -1160         10   0.868243   0.496139          0    80.6226
      -490      -1120         10     0.5547   0.832051          0    12.0185
      -450      -1060         10   0.768221   0.640184          0    78.1025
      -390      -1010         10   0.624695   0.780869          0    64.0312
      -350       -960         10  -0.196116   0.980581          0    50.9902
      -360       -910         10  -0.196116   0.980581          0    50.9902
      -370       -860         10     0.5547   0.832051          0    12.0185
      -330       -800         10   0.989949   0.141421          0    70.7107
      -260       -790         10   0.976187   0.216929          0    15.3659
      -170       -770         10   0.989949   0.141421          0    70.7107
     -2250      -1170         10   0.998581  0.0532576          0    187.766
     -1500      -1130         10     0.5547   -0.83205          0    36.0555
     -1480      -1160         10   0.640184  -0.768221          0    78.1025
     -1430      -1220         10   0.752579  -0.658502          0    17.7169
     -1350      -1290         10   0.988372   0.152057          0    131.529
     -1220      -1270         10   0.874157   0.485643          0    102.956
     -1130      -1220         10   0.658505   0.752577          0    106.301
     -1060      -1140         10     0.5547    0.83205          0    108.167
     -1000      -1050         10   0.447214   0.894427          0    111.803
      -950       -950         10   0.287348   0.957826          0    104.403
      -920       -850         10   0.316228   0.948683          0    15.8114
      -890       -760         10    0.83205     0.5547          0     72.111
      -830       -720         10   0.948683   0.316228          0    94.8683
      -740       -690         10   0.752577   0.658505          0    106.301
      -660       -620         10   0.640184   0.768221          0    78.1025
      -610       -560         10   0.894427   0.447214          0     67.082
     -2250       -780         10   0.999912   0.013245          0     188.75
  -1495.07       -770         10   0.832425   0.554138          0    9.02302
     -1450       -740         10   0.707107   0.707107          0    141.421
     -1350       -640         10   0.894427   0.447214          0    89.4427
     -1270       -600         10   0.341742   0.939794          0    19.5078
     -1230       -490         10   0.813733   0.581238          0    86.0233
     -1160       -440         10   0.768221   0.640185          0    13.0171
     -1100       -390         10          1          0          0         80
     -1020       -390         10   0.948683   0.316229          0    10.5409
      -960       -370         10   0.980581   0.196116          0    16.9968
      -860       -350         10    0.83205     0.5547          0     72.111
      -800       -310         10   0.496139   0.868243          0    80.6226
      -760       -240         10   0.274719   0.961524          0    12.1335
  -1493.33        225         10  0.0949952   0.995478          0    141.672
  -1493.33        225         10        0.8       -0.6          0    41.6667
  -1479.88    366.031         10   0.827092   0.562066          0    107.255
  -1479.88    366.031         10  0.0949947   0.995478          0     177.09
   1011.67      -1450         10  -0.999411   0.034304          0    180.052
   1011.67      -1450         10   0.164399   0.986394          0    50.6897
   1136.67   -1128.33         10  -0.998713  0.0507176          0    203.132
   1136.67   -1128.33         10   0.496139   0.868243          0    67.1855
  -1446.23    718.609         10   0.622874   0.782322          0    125.299
  -1446.23    718.609         10  0.0949947   0.995478          0     177.09
   521.667    1338.33         10   0.716872  -0.697204          0    217.538
   521.667    1338.33         10   0.141421   -0.98995          0    58.9256
   1458.33    583.333         10  -0.988949  -0.148254          0    211.143
   1458.33    583.333         10  -0.242537  -0.970142          0    34.3592
   1023.33      -1390         10   0.991765  -0.128069          0    222.476
   1023.33      -1390         10   0.316228   0.948683          0    52.7046
   1131.67       -695         10   0.594789   0.803882          0    201.982
   1131.67       -695         10  -0.485643   0.874157          0    85.7969
  -1368.18    816.633         10 -0.0743757    0.99723          0    222.879
  -1368.18    816.633         10   0.747146    0.66466          0    151.885
  -1448.33        200         10  0.0843359  -0.996437          0    175.549
  -1448.33        200         10          1          0          0    58.3334
  -181.667   -1416.67         10   0.974263  -0.225415          0    59.7069
  -181.667   -1416.67         10       0.53   0.847998          0    13.1027
  -1141.22    1018.54         10   0.996604  0.0823462          0    177.779
  -1141.22    1018.54         10   0.492882   0.870096          0    55.2076
   1173.33   -1056.67         10   0.989943  -0.141467          0    144.458
   1173.33   -1056.67         10   0.242535   0.970143          0    68.7184
   1363.33    163.333         10  -0.985581   0.169203          0    142.753
   1363.33    163.333         10  -0.707107  -0.707106          0    47.1405
   681.768   -1035.34         10  -0.995353 -0.0962911          0    119.992
   681.768   -1035.34         10  0.0110136   0.999939          0    14.2702
       415    748.333         10   0.983535   -0.18072          0    148.832
       415    748.333         10   0.393919  -0.919145          0    63.4648
   1023.33   -551.667         10  -0.962153  -0.272511          0    207.874
   1023.33   -551.667         10  -0.624695   0.780869          0    53.3594
   1203.33       1470         10  -0.914877  -0.403732          0    43.6126
   1203.33       1470         10   0.316227  -0.948684          0    52.7046
   1401.67        955         10  -0.923631  -0.383282          0    125.035
   1401.67        955         10   0.110432  -0.993884          0    75.4615
  -1391.17    426.316         10   0.998882  0.0472676          0    236.257
  -1391.17    426.316         10   0.827092   0.562066          0    178.759
  -1487.56       -765         10   0.751989  -0.659175          0    136.581
  -1487.56       -765         10   0.832426   0.554137          0    45.1152
  -123.496   -1430.13         10   0.902169   0.431382          0    201.203
  -123.496   -1430.13         10   0.974263  -0.225416          0    149.267
  -433.333        750         10  -0.979822  -0.199874          0    188.314
  -433.333        750         10  -0.316228  -0.948683          0    52.7046
    1251.8    -532.63         10  -0.278348    0.96048          0    217.567
    1251.8    -532.63         10   0.834336   0.551256          0    126.139
     -1150   -431.667         10  0.0173314    0.99985          0    141.612
     -1150   -431.667         10   0.768221   0.640184          0    65.0854
   1278.33    1323.33         10   0.873823   0.486244          0    214.066
   1278.33    1323.33         10   0.447213  -0.894427          0    93.1695
  -1114.01    1066.57         10  -0.114425   0.993432          0    69.4359
  -1114.01    1066.57         10   0.492882   0.870096          0    138.019
  -643.333   -1201.67         10   0.521253  -0.853402          0    240.094
  -643.333   -1201.67         10   0.894427   0.447213          0    93.1695
   1163.43    1452.39         10  -0.993394   0.114757          0    204.255
   1163.43    1452.39         10  -0.914878  -0.403731          0    36.3438
  -443.333       1160         10   0.996839 -0.0794466          0    240.348
  -443.333       1160         10  -0.316228  -0.948683          0    52.7046
   428.333       1480         10  -0.815314  -0.579019          0    228.959
   428.333       1480         10   0.640184  -0.768221          0    65.0854
   1198.33       -850         10   0.930251   0.366923          0    147.141
   1198.33       -850         10   0.164395   0.986395          0    10.1379
     -1010   -386.667         10 -0.0577127  -0.998333          0    211.246
     -1010   -386.667         10   0.948683   0.316228          0    52.7046
  -174.722   -1405.56         10   -0.75906   0.651021          0    205.517
  -174.722   -1405.56         10   0.529999   0.847998          0    65.5137
  -493.333       1430         10  -0.999945  0.0105125          0    42.0469
  -493.333       1430         10   0.316228  -0.948683          0    42.1637
  -483.333      -1110         10  -0.694314   0.719672          0    38.1791
  -483.333      -1110         10     0.5547    0.83205          0    60.0925
  -1263.33   -581.667         10  -0.670304   0.742086          0    136.697
  -1263.33   -581.667         10   0.341743   0.939793          0    97.5392
      1320    48.3333         10   0.754732  -0.656033          0    224.807
      1320    48.3333         10  -0.986394  -0.164399          0    50.6897
       -30    1473.33         10  -0.938445  -0.345429          0    216.221
       -30    1473.33         10          0         -1          0    33.3334
   833.561       1035         10   0.236168  -0.971712          0    192.817
   833.561       1035         10   0.951513   0.307609          0    77.3576
   1130.18    1437.72         10  -0.151282  -0.988491          0    150.273
   1130.18    1437.72         10  -0.914877  -0.403732          0    181.719
   681.925   -1021.07         10   0.766077   0.642749          0    232.667
   681.925   -1021.07         10  0.0110128   0.999939          0    71.3506
  -1416.67   -1231.67         10 0.000718785         -1          0    235.213
  -1416.67   -1231.67         10   0.752576  -0.658505          0    88.5845
      -915       -835         10  -0.961155   0.276011          0    209.645
      -915       -835         10   0.316228   0.948683          0    79.0569
  -1121.96    1135.55         10   0.471209   0.882021          0    202.697
  -1121.96    1135.55         10  -0.114425   0.993432          0     173.59
  -509.842   -1082.52         10  -0.996777  0.0802229          0    141.001
  -509.842   -1082.52         10  -0.694314   0.719672          0     31.816
   933.796   -1118.03         10  -0.613784  -0.789474          0    170.346
   933.796   -1118.03         10  -0.950159   0.311765          0    132.624
   562.333   -1046.89         10  -0.594237    0.80429          0    95.2651
   562.333   -1046.89         10  -0.841098  -0.540883          0    130.102
  -535.378    1430.44         10  -0.530881  -0.847446          0    221.929
  -535.378    1430.44         10  -0.999945  0.0105113          0    210.235
   1040.71    520.728         10  -0.742046  -0.670349          0    166.545
   1040.71    520.728         10  -0.727655   0.685943          0    78.0826
   561.381    721.436         10    0.73863  -0.674111          0    231.628
   561.381    721.436         10   0.962594   0.270948          0    139.237
      -245   -786.667         10   0.233852   0.972272          0    184.244
      -245   -786.667         10   0.976187   0.216931          0    76.8295
   746.667   -241.667         10  -0.999205 -0.0398604          0    164.043
   746.667   -241.667         10   -0.37139   0.928477          0    7.47939
   36.6667    901.667         10  -0.996231 -0.0867392          0    213.951
   36.6667    901.667         10  -0.371391  -0.928477          0    44.8764
  -446.667        690         10   0.536215  -0.844082          0    88.0356
  -446.667        690         10   0.316228  -0.948683          0    52.7046
  -617.848    712.361         10  -0.298409  -0.954438          0    73.9039
  -617.848    712.361         10  -0.915643   0.401993          0    80.6464
  -841.667    193.333         10   0.747103  -0.664708          0    41.8032
  -841.667    193.333         10   0.928477   0.371391          0    7.47941
   23.3333    783.333         10   0.646958  -0.762525          0    69.5747
   23.3333    783.333         10  -0.371391  -0.928477          0    35.9011
  -399.461    615.691         10 -0.0593894  -0.998235          0    242.213
  -399.461    615.691         10   0.865125  -0.501556          0    115.136
   823.327   -608.315         10  -0.964706    0.26333          0    236.497
   823.327   -608.315         10  -0.699516  -0.714617          0    81.8959
   233.333       -730         10   0.407983    0.91299          0    85.9126
   233.333       -730         10     0.5547    0.83205          0     48.074
   1081.94    211.642         10  -0.952122  -0.305717          0    218.207
   1081.94    211.642         10  -0.454961   0.890512          0     40.731
   268.384   -651.563         10   0.961868   0.273515          0     156.32
   268.384   -651.563         10  -0.385145   0.922856          0    79.3065
   582.754   -248.205         10  -0.850063   0.526681          0    233.433
   582.754   -248.205         10  -0.689225  -0.724547          0    62.5782
  -639.901    641.824         10   0.202395  -0.979304          0    183.955
  -639.901    641.824         10  -0.775887  -0.630872          0     161.68
  -810.435    165.546         10   0.998406  0.0564427          0    106.175
  -810.435    165.546         10   0.747103  -0.664709          0    209.016
   874.183    144.932         10  -0.999846 -0.0175603          0    109.107
   874.183    144.932         10   0.016416  -0.999865          0    30.0714
  -220.651   -508.536         10   -0.44943   0.893316          0    195.011
  -220.651   -508.536         10  0.0872112    0.99619          0    55.8389
    237.84   -578.374         10  -0.832307   0.554314          0    171.291
    237.84   -578.374         10    0.35787   0.933772          0    102.859
   743.889   -234.722         10   0.759078   0.650999          0    94.8127
   743.889   -234.722         10  -0.371391   0.928476          0     37.397
   68.3453    730.281         10   0.937213   0.348758          0     141.27
   68.3453    730.281         10  -0.140177  -0.990126          0    174.742
  -308.295   -334.329         10  -0.986929   0.161156          0    64.9669
  -308.295   -334.329         10   -0.44943   0.893316          0    39.0023
  -704.429    171.539         10   0.898508  -0.438957          0    166.382
  -704.429    171.539         10   0.998406  0.0564427          0     212.35
   765.093    143.016         10  -0.733622  -0.679558          0    171.728
   765.093    143.016         10  -0.321669   0.946852          0    38.6627
  -943.333   -366.667         10   0.554115   -0.83244          0    179.478
  -943.333   -366.667         10   0.980581   0.196116          0    14.1639
   48.3333    976.667         10   0.981402  -0.191964          0    163.485
   48.3333    976.667         10  -0.124035  -0.992278          0    67.1855
   505.723   -970.269         10  0.0921259   0.995747          0     159.29
   505.723   -970.269         10  -0.942203   0.335043          0    87.9183
  -201.914   -607.531         10   0.918527   0.395359          0    51.6707
  -201.914   -607.531         10   -0.18597   0.982556          0    100.753
  -929.444   -363.889         10  -0.186584   0.982439          0    165.514
  -929.444   -363.889         10   0.980581   0.196116          0    70.8197
   461.667        470         10   0.913122  -0.407687          0     190.94
   461.667        470         10   0.164399  -0.986394          0    50.6897
   23.3333      -1100         10   -0.53541   0.844592          0     199.21
   23.3333      -1100         10   0.316228   0.948683          0    52.7046
  -299.854    557.944         10    0.20451  -0.978864          0    115.337
  -299.854    557.944         10   0.665813   0.746119          0    38.1523
  -756.667   -228.333         10  -0.560714    0.82801          0    190.512
  -756.667   -228.333         10   0.274721   0.961524          0    60.6676
   431.667    606.667         10  -0.883762  -0.467937          0    87.7758
   431.667    606.667         10   0.124035  -0.992278          0    67.1855
  -531.932   -1059.63         10   -0.19744   0.980315          0    135.856
  -531.932   -1059.63         10  -0.694314   0.719672          0     159.08
   211.667   -808.333         10  -0.774268   0.632858          0    182.338
   211.667   -808.333         10   0.141421   0.989949          0    58.9255
   815.859   -172.999         10   0.996678 -0.0814408          0    152.631
   815.859   -172.999         10     0.3072   0.951645          0     103.82
    274.65   -482.328         10   0.861027   0.508559          0    166.396
    274.65   -482.328         10   -0.15931   0.987229          0    103.075
   43.8504    557.264         10   -0.75259   -0.65849          0    128.406
   43.8504    557.264         10   0.631999  -0.774969          0     114.15
  -363.333       -850         10  -0.340044    0.94041          0    185.615
  -363.333       -850         10     0.5547    0.83205          0    60.0925
   354.094    565.593         10  -0.492223  -0.870469          0    220.431
   354.094    565.593         10  -0.883762  -0.467937          0    87.7758
   520.398   -811.657         10   0.635782   0.771869          0    141.557
   520.398   -811.657         10  -0.836468   0.548015          0    22.5126
   752.656    179.624         10    0.28867   0.957429          0    133.235
   752.656    179.624         10  -0.977879   0.209172          0    90.2028
  -274.451     586.41         10   0.164882   0.986313          0    141.978
  -274.451     586.41         10   0.948305   -0.31736          0    82.4624
  -276.266    445.044         10  -0.298435   -0.95443          0    218.801
  -276.266    445.044         10   0.723378  -0.690452          0    94.0454
  -372.413   -323.859         10  -0.833154  -0.553041          0    131.747
  -372.413   -323.859         10  -0.947874   0.318646          0    136.124
  -834.722    196.111         10   0.459044   0.888413          0    191.566
  -834.722    196.111         10   0.928477   0.371391          0     37.397
  -154.453   -587.103         10   0.593715   0.804675          0    215.763
  -154.453   -587.103         10   0.918527   0.395359          0    103.341
  -501.441   -280.484         10  -0.969831  -0.243779          0    114.817
  -501.441   -280.484         10   -0.24042   0.970669          0    73.5218
Source point coords
    -5882.81          0         10    -5648.44          0         10    -5414.06          0         10
    -5179.69          0         10    -4945.31          0         10    -4710.94          0         10
    -4476.56          0         10    -4242.19          0         10    -4007.81          0         10
    -3773.44          0         10    -3539.06          0         10    -3304.69          0         10
    -3070.31          0         10    -2835.94          0         10    -2601.56          0         10
    -2367.19          0         10       -2250       97.5         10       -2250      292.5         10
       -2250      487.5         10       -2250      682.5         10       -2250      877.5         10
       -2250     1072.5         10       -2250     1267.5         10       -2250     1462.5         10
       -2250     1657.5         10       -2250     1852.5         10     -2152.5       1950         10
     -1957.5       1950         10     -1762.5       1950         10     -1567.5       1950         10
     -1372.5       1950         10     -1177.5       1950         10      -982.5       1950         10
      -787.5       1950         10      -592.5       1950         10      -397.5       1950         10
      -202.5       1950         10        -7.5       1950         10       187.5       1950         10
       382.5       1950         10       577.5       1950         10       772.5       1950         10
       967.5       1950         10      1162.5       1950         10      1357.5       1950         10
      1552.5       1950         10      1747.5       1950         10      1942.5       1950         10
        2040     1852.5         10        2040     1657.5         10        2040     1462.5         10
        2040     1267.5         10        2040     1072.5         10        2040      877.5         10
        2040      682.5         10        2040      487.5         10        2040      292.5         10
        2040       97.5         10        1245     1832.5         10        1215     1597.5         10
     1201.67       1475         10        1245       1380         10     1274.17    1331.67         10
        1335       1205         10        1370       1120         10        1395       1020         10
     1400.83      962.5         10        1430        845         10        1460        770         10
        1470        700         10        1465        630         10     1459.17    586.667         10
        1450        510         10        1440        415         10        1430        300         10
        1420        210         10        1390        175         10     1366.67    166.667         10
        1330         90         10        1325    49.1667         10        1240         10         10
        1185        -35         10        1140        -65         10         465       1835         10
         435       1605         10     424.167       1485         10         495       1390         10
     520.833    1344.17         10         515       1250         10         470       1185         10
         420       1110         10         400       1040         10         400        960         10
         400        875         10         405        800         10       412.5    754.167         10
         435        655         10     430.833    613.333         10         450        510         10
     460.833        475         10         455        395         10         425        340         10
         400        285         10         395        225         10         410        145         10
          60       1835         10  -5.72205e-06       1605         10         -30    1481.67         10
         -20       1405         10          -5       1340         10          15       1270         10
          50       1185         10          65       1105         10          55       1030         10
     49.1667    983.333         10     38.3333    905.833         10          25        830         10
     26.6667    791.667         10          20        720         10          40        660         10
    -656.667    1873.33         10        -590       1720         10    -523.333    1566.67         10
        -495       1470         10    -496.667       1440         10        -470       1350         10
        -450       1275         10        -440       1205         10    -441.667       1165         10
        -450       1075         10        -425        990         10        -395        910         10
        -395        855         10        -420        795         10    -431.667        755         10
    -448.333        695         10    -2156.25        370         10    -1968.75        330         10
    -1781.25        290         10    -1593.75        250         10    -1496.67      227.5         10
    -1454.17        200         10       -1350        200         10       -1275        205         10
       -1215        200         10       -1145        180         10       -1070        165         10
       -1010        145         10        -955        120         10        -910        125         10
        -870        165         10    -845.833    191.667         10        -770        210         10
       -2250      -97.5         10       -2250     -292.5         10       -2250     -487.5         10
       -2250     -682.5         10       -2250     -877.5         10       -2250    -1072.5         10
       -2250    -1267.5         10       -2250    -1462.5         10       -2250    -1657.5         10
       -2250    -1852.5         10     -2152.5      -1950         10     -1957.5      -1950         10
     -1762.5      -1950         10     -1567.5      -1950         10     -1372.5      -1950         10
     -1177.5      -1950         10      -982.5      -1950         10      -787.5      -1950         10
      -592.5      -1950         10      -397.5      -1950         10      -202.5      -1950         10
        -7.5      -1950         10       187.5      -1950         10       382.5      -1950         10
       577.5      -1950         10       772.5      -1950         10       967.5      -1950         10
      1162.5      -1950         10      1357.5      -1950         10      1552.5      -1950         10
      1747.5      -1950         10      1942.5      -1950         10        2040    -1852.5         10
        2040    -1657.5         10        2040    -1462.5         10        2040    -1267.5         10
        2040    -1072.5         10        2040     -877.5         10        2040     -682.5         10
        2040     -487.5         10         905    -1837.5         10         975    -1612.5         10
        1010      -1480         10     1010.83      -1455         10     1021.67      -1395         10
        1055      -1310         10        1070      -1240         10        1100      -1170         10
     1133.33   -1134.17         10     1171.67   -1063.33         10        1190       -945         10
     1194.17       -875         10        1185       -810         10        1155       -745         10
     1135.83     -702.5         10        1060       -590         10     1026.67   -555.833         10
         980       -480         10         940       -430         10         885       -390         10
         830       -345         10         775       -285         10     748.333   -245.833         10
        -295   -1838.73         10        -285    -1616.2         10        -275   -1487.47         10
        -230      -1450         10    -185.833   -1423.33         10        -125      -1315         10
         -90      -1240         10         -55      -1175         10         -10      -1130         10
     21.6667      -1105         10          80      -1030         10         135       -975         10
         165       -905         10         195       -845         10     210.833   -814.167         10
     226.667       -740         10       -1115   -1838.73         10       -1185    -1616.2         10
       -1185   -1497.53         10       -1115   -1490.13         10       -1050   -1465.07         10
        -965      -1430         10        -890      -1400         10        -850      -1345         10
        -780      -1280         10        -695      -1230         10    -651.667   -1205.83         10
        -525      -1140         10    -486.667      -1115         10        -420      -1035         10
        -370       -985         10        -355       -935         10        -365       -885         10
    -366.667       -855         10        -295       -795         10      -252.5   -788.333         10
        -135       -765         10    -2156.25      -1165         10    -1968.75      -1155         10
    -1781.25      -1145         10    -1593.75      -1135         10       -1490      -1145         10
       -1455      -1190         10    -1423.33   -1225.83         10       -1285      -1280         10
       -1175      -1245         10       -1095      -1180         10       -1030      -1095         10
        -975      -1000         10        -935       -900         10      -917.5     -842.5         10
        -860       -740         10        -785       -705         10        -700       -655         10
        -635       -590         10        -580       -545         10    -2155.63    -778.75         10
     -1966.9    -776.25         10    -1778.17    -773.75         10    -1589.43    -771.25         10
    -1491.31     -767.5         10       -1400       -690         10       -1310       -620         10
    -1266.67   -590.833         10       -1195       -465         10       -1155   -435.833         10
       -1060       -390         10       -1015   -388.333         10    -951.667   -368.333         10
        -830       -330         10        -780       -275         10    -758.333   -234.167         10
     -1486.6    295.516         10    -1476.67      212.5         10    -1435.52    396.173         10
    -1471.46    454.175         10    -1454.64    630.464         10     921.694   -1446.91         10
     741.747   -1440.74         10     561.801   -1434.56         10     1015.83      -1425         10
     1035.23   -1123.18         10     1153.33   -1099.17         10    -1407.21    767.621         10
    -1437.82    806.753         10       -1421    983.042         10      599.64     1262.5         10
     755.588    1110.83         10     525.833    1309.17         10     1353.93    567.682         10
     1145.12    536.379         10     1454.17    566.667         10     1133.66   -1404.25         10
      1354.3   -1432.74         10     1031.67      -1365         10     1191.73   -613.815         10
     1110.83     -657.5         10    -1376.47    927.763         10    -1393.05    1150.03         10
    -1409.63    1372.29         10    -1311.44    867.108         10    -1197.96     968.06         10
    -1440.93    112.538         10    -1426.13   -62.3859         10    -1419.17        200         10
    -152.582    -1423.4         10    -178.194   -1411.11         10    -1052.64    1025.86         10
    -875.462     1040.5         10    -1127.62    1042.55         10     1244.84   -1066.88         10
     1387.84   -1087.32         10     1181.67   -1023.33         10     1292.99     175.41         10
     1152.29    199.565         10     1346.67    146.667         10     622.051   -1041.11         10
     681.847    -1028.2         10     488.191    734.885         10       427.5    719.167         10
      923.33   -579.991         10     1006.67   -530.833         10     1183.38     1461.2         10
     1211.67       1445         10     1343.92    931.038         10     1228.44    883.115         10
     1405.83      917.5         10    -1273.17    431.899         10    -1037.18    443.067         10
    -1317.24    476.553         10    -1169.39    577.027         10    -1021.54    677.501         10
     -1436.2   -810.015         10    -1333.49   -900.046         10    -1468.78     -752.5         10
    -32.7367   -1386.73         10     148.783   -1299.93         10    -50.7836   -1446.95         10
      94.642    -1480.6         10    -525.591     731.18         10    -441.667        725         10
     1221.52   -428.146         10     1304.42   -497.863         10     1409.67   -428.328         10
    -1148.77   -360.871         10    -1146.32    -219.28         10       -1125   -410.833         10
     1371.86    1375.38         10     1299.17    1281.67         10    -1117.99    1101.06         10
       -1080    1126.62         10    -1011.97    1246.71         10    -580.759   -1304.11         10
    -601.667   -1180.83         10     1061.98    1464.11         10     859.074    1487.55         10
     1146.81    1445.06         10    -323.539    1150.45         10    -451.667       1135         10
     334.996    1413.71         10     449.167       1455         10     1266.77   -823.005         10
     1403.65   -769.016         10     1199.17       -845         10     -1016.1   -492.114         10
        -985   -378.333         10    -252.722   -1338.66         10    -157.361   -1377.78         10
    -514.356    1430.22         10    -486.667       1410         10    -496.587   -1096.26         10
    -466.667      -1085         10    -1309.15   -530.946         10    -1400.78   -429.505         10
    -1246.67   -535.833         10     1404.83    -25.407         10        1295    44.1667         10
    -131.456    1435.99         10         -30    1456.67         10      856.33    941.315         10
     870.365    1046.89         10     1118.82    1363.45         10     1096.08     1214.9         10
     1047.06    1401.04         10     771.045   -946.293         10     682.318   -985.393         10
    -1416.58   -1349.27         10    -1383.33   -1260.83         10    -1015.75   -806.068         10
      -902.5     -797.5         10     -1074.2    1224.94         10     -978.69    1403.73         10
    -1131.89    1221.78         10    -1151.75    1394.23         10    -580.115   -1076.87         10
    -720.662   -1065.56         10    -520.887   -1071.07         10     881.518   -1185.27         10
     870.789   -1097.36         10     744.775   -1056.01         10     534.028   -1008.58         10
     507.619   -1082.08         10    -594.287    1336.41         10    -640.489    1431.55         10
     978.921    464.906         10      1012.3    547.508         10     646.925    643.365         10
     628.396    740.299         10    -223.457   -697.099         10      -207.5   -778.333         10
     664.711   -244.936         10     745.278   -238.194         10    -69.9055    892.388         10
     28.3333    880.833         10    -423.064    652.845         10    -438.333        665         10
    -628.875    677.093         10     -654.77     728.57         10    -826.051     179.44         10
    -838.194    194.722         10     45.8393    756.807         10     16.6667    766.667         10
    -406.653    494.798         10    -349.657    586.817         10     709.252   -577.176         10
     794.684   -637.577         10     250.859   -690.781         10     246.667       -710         10
     978.063    178.287         10     1072.68    229.778         10     343.564   -630.185         10
     253.112   -614.968         10     483.538   -186.733         10     561.189   -270.876         10
    -621.286     551.75         10    -702.624    590.824         10    -757.432    168.543         10
    -732.357     96.079         10     819.638    143.974         10      874.43    129.899         10
    -264.473   -421.432         10    -218.216   -480.723         10     166.556     -530.9         10
     256.245   -530.351         10     779.874   -203.861         10     736.944   -217.361         10
     134.545    754.915         10     56.0978    643.772         10    -340.354   -329.094         10
    -317.059   -316.908         10    -629.682    135.022         10    -480.186    61.9875         10
    -598.423    177.532         10     702.101    84.6667         10     758.875     161.32         10
    -893.608   -441.369         10    -936.389   -365.278         10     128.556    960.975         10
     44.1667    943.333         10      513.06   -890.963         10     464.305   -955.541         10
    -178.184   -597.317         10    -211.283   -558.033         10    -944.886   -282.585         10
    -894.722   -356.944         10     548.842    431.078         10     465.833        445         10
    -29.9963   -1015.87         10     31.6667      -1075         10     -288.06    501.494         10
    -287.152    572.177         10    -810.078    -149.46         10    -748.333   -199.167         10
      392.88     586.13         10     435.833    573.333         10    -545.344   -993.036         10
    -572.167   -859.855         10    -587.158   -1002.38         10     141.077   -750.636         10
     215.833   -779.167         10     891.921   -179.214         10     831.806   -123.599         10
     346.286   -440.016         10     266.439   -431.448         10    -4.46822    514.987         10
     79.9216    513.033         10    -394.892   -762.723         10    -346.667       -825         10
     299.843    469.654         10     315.307    545.056         10     565.397   -757.025         10
     510.982   -805.488         10     771.887    243.406         10     708.552    189.058         10
    -262.746    656.427         10    -235.351    573.325         10    -308.915    340.629         10
    -242.251    412.577         10    -427.296    -360.29         10    -436.927   -302.172         10
    -790.754    281.206         10    -817.361    203.056         10    -90.4023   -500.293         10
    -106.992   -566.674         10    -557.118   -294.479         10    -510.279   -244.801         10
Main segment numbers of subsegments
 1 1 1 1 1 1 1 1 1 1 1 1 1 1 1 1 2 2 3 3
 4 4 5 5 6 6 7 7 8 8 9 9 10 10 11 11 12 12 13 13
 14 14 15 15 16 16 17 17 18 18 19 19 20 20 21 21 22 22 23 23
 24 25 26 27 28 29 30 31 32 33 34 35 36 37 38 39 40 41 42 43
 44 45 46 47 47 48 49 50 51 52 53 54 55 56 57 58 59 60 61 62
 63 64 65 66 67 68 68 69 70 71 72 73 74 75 76 77 78 79 80 81
 82 82 82 83 84 85 86 87 88 89 90 91 92 93 94 95 96 96 96 96
 97 98 99 100 101 102 103 104 105 106 107 108 109 110 110 111 111 112 112 113
 113 114 114 115 115 116 116 117 117 118 118 119 119 120 120 121 121 122 122 123
 123 124 124 125 125 126 126 127 127 128 128 129 129 130 130 131 132 133 134 135
 136 137 138 139 140 141 142 143 144 145 146 147 148 149 150 151 152 152 153 154
 155 156 157 158 159 160 161 162 163 164 165 166 167 167 168 169 170 171 172 173
 174 175 176 177 178 179 180 181 182 183 184 185 186 187 187 187 187 188 189 190
 191 192 193 194 195 196 197 198 199 200 201 202 203 203 203 203 204 205 206 207
 208 209 210 211 212 213 214 215 216 217 218 219 219 220 220 220 221 222 223 224
 225 225 226 226 227 228 228 229 230 230 231 232 233 234 234 234 235 235 236 236
 237 238 239 240 240 241 242 242 243 244 244 245 246 247 248 249 250 251 252 253
 254 254 255 256 256 257 257 257 258 258 259 260 260 261 261 262 263 264 265 265
 266 266 267 268 269 270 271 271 272 273 274 274 275 276 277 278 279 280 280 281
 282 283 284 285 286 287 288 289 290 290 291 292 293 294 295 296 297 298 298 299
 300 301 302 303 304 305 306 306 307 307 308 308 309 310 311 311 312 313 314 315
 316 317 318 319 320 321 322 323 324 325 326 327 328 329 330 331 332 333 334 335
 336 337 338 339 340 341 342 343 344 345 346 347 348 349 350 351 352 353 354 355
 356 357 358 359 360 361 362 362 363 364 365 366 367 368 369 370 371 372 373 374
 375 376 377 378 379 380 381 382 383 384 385 386 386 387 388 389 390 391 392 393
 394 395 396 397 398 399 400 401 402 403 404 405 406 407 408 409 410 411 412 413
 414 415
Source strengths for solute 1
    6.56627    2.45449    2.11306    1.80788    1.61529    1.46766    1.35284     1.2639    1.12535    1.02768
    0.94574   0.751052   0.627559   0.487159   0.244269   0.116046   0.012884   0.167367   0.248996   0.373283
   0.413223   0.665137   0.734036    1.02612    1.29263    3.32949    4.95553    3.37163    3.63024    3.96425
    4.42629    5.18767    6.16962    8.65144    12.0139    14.4602    15.5743     122.69    407.629    345.419
    368.772    443.689    442.013    328.137    336.024    406.951    392.814    330.778    316.624    359.339
    344.428    329.298    310.889    285.937    229.085   -24.3037    59.0565   -30.1592    394.918    502.236
     13.232     86.655    11.4582    132.875    192.919    148.099    24.1918    141.669    155.261    82.5411
    123.328    6.27049    97.4609    197.488    222.511    82.1839    62.3298    3.16475     76.823    4.09748
    68.5896    21.4078    22.9815    342.442    460.975    7.21385    138.521    22.6139    29.6735    155.636
    160.065    108.442    183.826    123.304    121.825    18.7124    72.8528    11.8286    53.8711       6.46
    43.8061    82.4022     87.758    113.023    198.038    282.907    237.794    7.59267    49.1459    49.1463
    80.5967    135.958    101.093    55.5856    5.37123    7.82028    40.8547    4.73102    14.1249    210.947
   -3.15747    -1.1686  -0.585901   0.236531  0.0531748   0.622377   0.547407   -0.20686  -0.190356 -0.0626134
   0.881683    1.49229    1.03598   0.588498   0.126937 -0.0244021  -0.053785 -0.0314524  0.0305505 -0.0560491
 -0.0254165 -0.0207142 0.00840767    0.01681 -0.0162976  0.0241165 -0.0322948  0.0132483  0.0266634 -0.0354544
 -0.0682418  0.0368514  0.0932707 -0.0113444  0.0551364   0.103553   0.149601   0.167302   0.262891   0.365367
   0.381451   0.463052    1.05784    1.27104   0.757794   0.728753   0.728704   0.645586   0.762701   0.758023
    0.71318   0.725213   0.789683   0.861537   0.862208   0.840072   0.881335     1.0123    1.14652     1.3459
    1.37821    1.52515    1.73968    2.23713    4.91784    6.69418    4.68756    5.01283    5.69833    6.87558
    9.52864    13.5339    48.0263  -0.328839 -0.00243324 -0.0148415  0.0139038 0.00877456 -0.00316049 -0.0131626
  0.0890177  0.0626757  0.0371711  0.0731993 -0.00898544 0.00865584  0.0528005  0.0274489  0.0645729  0.0402056
   0.761084    1.06282   0.832108  0.0368517   -1.59823  -0.513356  -0.186556 -0.0261136 0.00118022 0.00860634
 0.00820816 -0.00731228  0.0134967 -0.0190543  0.0471915 -0.00944604  0.0170202  0.0240985 0.00810672 -0.0252892
  0.0548676   0.188902  -0.164721 -0.0641215  0.0416488 -0.0287069 0.00676597 -0.0127132 0.000426152 -0.00440887
 -0.00263291  0.0116476 0.000310677  0.0389965 -0.0157585 0.00854409 0.00959098 0.00284608  0.0138425  0.0154647
 -0.0454265 0.00975855   0.155366 -0.0758712 -0.0304639 -0.00482322 -0.0125396 -0.00598293  0.0129341 -0.00127916
  0.0210281 -0.00450257  0.0249154 -0.0093688 -0.0104089  0.0226701 -0.0102111 -0.0024912 -0.00501356 -0.0130285
  0.0178348 -0.0484107 -0.0232348 -0.0159793  0.0464175 -0.00123363 -0.0157545 0.00623924 -0.0142214  0.0131449
 -0.00570154 -0.0036873 -0.00425007  0.0156734  0.0325832 -0.0148805  0.0552938  0.0247486  0.0593951  0.0453299
  -0.110912  0.0639664 -0.00804079  0.0147271 -0.0280132 -0.0325084 -0.0515794  -0.134201  -0.100349    0.11931
  -0.171666 -0.0696182    364.939    406.044    22.8773    326.026    388.216     19.618 0.00854479  -0.053806
  0.0236058   0.144327 -0.0579866   0.151709  0.0191259  -0.254975 -0.0128654 -0.0309477 -0.0366803 -0.00979252
  0.0085895 -0.0273998  0.0370406  0.0424589 0.00667433  0.0121749   0.063515   0.455345  -0.074087    190.508
    245.691    6.63617 0.00427848 -0.00395068    165.243    37.0871  -0.174834   0.141479    13.2235    37.0436
    142.049    269.748    61.0245   0.171169 -0.0176706 -0.0939084 -0.0553668  0.0348995 -0.0334506 -0.00251336
  0.0264902  0.0195661  -0.023389 -0.0415163 0.00939766 -0.00856337  0.0478157    8.26218   -0.43246    15.9259
 -0.0246504  0.0423168  0.0243327    385.599    98.1213   0.139877  -0.307307  -0.783366 -0.0439382 -0.0255492
    215.066    466.727    7.58231    8.17308   -0.21486    437.075    56.5494  0.0818625    3.01791 -0.000900829
 -0.0636822 -0.0352768 -0.0749582  0.0213588 -0.0561312   0.201208  0.0252485 -0.0518516 0.00139978  0.0278688
 -0.00805168    138.005    30.2906   -27.1907    21.7713    343.703    96.5332    122.979    314.282    128.747
 -0.0694801  0.0731302 -0.0618469  0.0187155   0.002103 0.00566826    1.93036  -0.173976   -1.19884 -0.0366257
  0.0519702  0.0148949 -0.00329991   0.107632 -0.0324898 -0.0472943  0.0121459 -0.0153415 -0.0228169 -0.0199644
    294.189    99.9017    354.612    173.348 0.00277786 -0.0149914    12.3778  -0.380992   -4.95013    33.2809
  -0.289316   0.532226 -0.0110443 -0.0424421  0.0465268 -0.00707981    35.7453    1.58325   -2.89181   0.153673
  -0.190286  0.0445137    1.98543   -1.73024    351.665     64.465  -0.311366  -0.627907    88.6644   -7.63005
   0.213738 -0.0784189  -0.293758    1.06531    91.0444    55.4932    7.63874  -0.470613    6.98544   -1.33758
    2.90773    3.83052     268.16   -170.807    1.22259    5.10979   -3.68943    13.9725    4.43291    229.986
    0.41035   0.123592 0.00843055     248.02    28.9982 -0.0343417 -0.0309333   0.314006  -0.532557 -0.0406446
 -0.0185762    319.851    12.1506  0.0196539 -0.00698772    1.59485   -1.06139   0.192253   0.251406    77.2711
    41.2491   0.026392 -0.0173177 -0.0534655  -0.040797  -0.022492    27.5206    41.5202    4.05173    10.6286
    77.2315    231.823 -0.0897815  0.0230764    375.462    50.0604 0.00279427 -0.00539882    205.131    101.113
     6.3076    7.96839    28.0425    15.5016   -1.14693    4.04866 -0.0535583 -0.0300593    14.1299   -3.68997
 -0.00969361    2.16187