lowflow
 0 0 0 0 0 0 0 0 0 0 0 0 0 0 0 0 0 0 0 0 0 0 0 0 0 0 0 0 0 0 0 0 0 0 0 0 0 0 0 0 0 0 0 0 0 0 0 0 0 0
 0 0 0 0 0 0 0 0 0 0 0 0 0 0 0 0 0 0 0 0 0 0 0 0 0 0 0 0 0 0 0 0 0 0 0 0 0 0 0 0 0 0 0 0 0 0 0 0 0 0
 0 0 0 0 0 0 0 0 0 0 0 0 0 0 0 0 0 0 0 0 0 0 0 0 0 0 0 0 0 0 0 0 0 0 0 0 0 0 0 0 0 0 0 0 0 0 0 0 0 0
 0 0 0 0 0 0 0 0 0 0 0 0 0 0 0 0 0 0 0 0 0 0 0 0 0 0 0 0 0 0 0 0 0 0 0 0 0 0 0 0 0 0 0 0 0 0 0 0 0 0
 0 0 0 0 0 0 0 0 0 0 0 0 0 0 0 0 0 0 0 0 0 0 0 0 0 0 0 0 0 0 0 0 0 0 0 0 0 0 0 0 0 0 0 0 0 0 0 0 0 0
 0 0 0 0 0 0 0 0 0 0 0 0 0 0 0 0 0 0 0 0 0 0 0 0 0 0 0 0 0 0 0 0 0 0 0 0 0 0 0 0 0 0 0 0 0 0 0 0 0 0
 0 0 0 0 0 0 0 0 0 0 0 0 0 0 0 0 0 0 0 0 0 0 0 0 0 0 0 0 0 0 0 0 0 0 0 0 0 0 0 0 0 0 0 0 0 0 0 0 0 0
 0 0 0 0 0 0 0 0 0 0 0 0 0 0 0 0 0 0 0 0 0 0 0 0 0 0 0 0 0 0 0 0 0 0 0 0 0 0 0 0 0 0 0 0 0 0 0 0 0 0
 0 0 0 0 0 0 0 0 0 0 0 0 0 0 0
Solute 1 pvseg
   39.9988    39.9983    39.9983    39.9981    39.9979    39.9974    39.9960    39.9947    39.9932    39.9910 
   39.9864    39.9723    39.8218    39.5074    39.0819    36.3473    31.1508    26.6834    21.6848    15.4696 
    0.6774    -5.0183    38.6766    38.4198    38.0359    37.8879    36.8966    35.9794    34.7992    34.2869 
   33.8230    33.7321    33.4073    33.0899    33.0466    32.8812    32.7830    32.6433    32.2968    32.0020 
   31.9779    31.9047    31.8750    31.8284    31.7954    31.7496    36.9723    33.9319    33.7645    33.6870 
   33.5081    33.4193    33.2682    33.1399    33.0005    32.8308    32.6474    32.5255    32.1405    31.8802 
   31.4110    31.2125    31.0073    30.5928    30.1783    29.8489    29.3381    37.9139    36.0904    35.8764 
   35.5342    35.0859    34.7575    34.6675    34.4397    34.2486    34.1774    34.1395    34.1142    34.0576 
   33.3003    39.9939    39.9958    39.9956    39.9947    39.9939    39.9937    39.9939    39.9944    39.9939 
   39.9904    39.9835    39.9772    39.9748    39.9743    39.9984    39.9986    39.9987    39.9988    39.9987 
   39.9987    39.9987    39.9987    39.9988    39.9987    39.9987    39.9991    39.9992    39.9988    39.9983 
   39.9982    39.9965    39.9942    39.9929    39.9903    39.9882    39.9864    39.9844    39.9825    39.9804 
   39.9727    39.9643    39.9605    39.9461    39.9274    39.9072    39.8871    39.8569    39.6634    39.9636 
   39.9639    39.9639    39.9639    39.9636    39.9637    39.9637    39.9637    39.9637    39.9636    39.9635 
   39.9635    39.9634    39.9634    39.9634    39.9633    39.9619    39.9575    39.9530    39.9527    39.9533 
   39.9542    39.9817    39.9817    39.9817    39.9817    39.9815    39.9815    39.9815    39.9814    39.9813 
   39.9813    39.9813    39.9812    39.9812    39.9811    39.9804    39.9865    39.9871    39.9871    39.9872 
   39.9872    39.9873    39.9873    39.9873    39.9873    39.9873    39.9871    39.9870    39.9874    39.9874 
   39.9873    39.9873    39.9872    39.9872    39.9873    39.9867    39.9954    39.9957    39.9957    39.9957 
   39.9956    39.9955    39.9955    39.9955    39.9955    39.9955    39.9955    39.9955    39.9955    39.9955 
   39.9955    39.9955    39.9981    39.9980    39.9978    39.9979    39.9979    39.9979    39.9979    39.9979 
   39.9979    39.9979    39.9979    39.9979    39.9979    39.9986    39.9986    39.9986    39.9986    39.9639 
   39.9639    39.9637    39.9637    39.9986    39.9998    31.1882    33.5992    30.7882    32.9791    39.9639 
   39.9637    39.9633    39.9634    39.9985    39.9987    39.9988    39.9988    39.9818    39.9817    39.9989 
   39.9989    39.9636    39.9637    31.7840    31.9548    39.9638    39.9638    32.3222    32.4433    39.9640 
   39.9628    38.3672    38.2790    33.6923    34.0726    39.9977    39.9987    39.9981    39.9980    39.9819 
   39.9820    39.9747    39.9745    39.9598    39.9602    39.9979    39.9979    37.1470    37.4888    39.9984 
   39.9994    39.9873    39.9873    37.3070    38.2902    39.9623    39.9942    33.6131    33.8693    39.9622 
   39.9635    39.9979    39.9978    39.9818    39.9816    39.9958    39.9953    39.9870    39.9872    39.9978 
   39.9979    31.8280    31.8635    36.0733    36.0561    28.0152    28.2646    37.0263    38.2027    39.9641 
   39.9638    39.9957    39.9957    39.9955    39.9955    39.9962    40.0050    39.9869    39.9869    39.9637 
   39.9638    39.9638    39.9638    39.9961    39.9960    28.1411    28.2531    30.9711    31.9488    39.9872 
   39.9873    39.9064    39.9559    34.1909    34.1654    39.9744    39.9742    39.9747    39.9747    39.9991 
   39.9991    34.0968    34.1058    39.9754    39.9739    39.9647    39.9647    39.9792    39.9817    30.4096 
   31.4593    39.9798    39.9809    39.8204    39.8618    39.9746    39.9747    39.9992    39.9986    28.9555 
   29.2322    39.9877    39.9916    39.9793    39.9858    39.9461    39.9426    33.9063    34.2322    39.9824 
   39.9641    39.9965    39.9821    27.8945    28.6541    39.9974    39.9978    33.4100    34.2135    39.9639 
   39.9639    39.9868    39.9893    39.9979    39.9978    30.6658    31.1713    39.9812    39.9813    39.9703 
   39.9754    39.9971    39.9969    31.6058    31.7245    39.9868    39.9871    39.9811    39.9810    39.9215 
   39.7742    39.9862    39.9825    34.3397    34.2647    39.9875    39.9872    31.1455    31.3239    39.9639 
   39.9639    28.5174    28.5860    39.9530    39.9697    39.9399    39.9070    39.9823    39.9651    39.9992 
   39.9991    39.9590    39.9936    39.9494    39.9410 
Solute 1 pevseg
   39.9941    39.9978    39.9972    39.9960    39.9940    39.9874    39.9796    39.9793    39.9737    39.9620 
   39.9320    39.7120    38.4086    37.9547    37.6133    34.6377    29.4883    25.1307    20.1368    14.0961 
    0.2025    -5.0825    37.2587    37.4809    37.2024    37.2498    35.2023    34.0861    33.1695    33.0740 
   32.4956    32.3094    31.8996    31.9287    32.3564    31.9588    31.4442    31.2336    30.9124    30.8487 
   31.7197    31.1737    31.5659    31.2146    31.5148    31.3300    35.2754    33.3496    32.6298    32.2019 
   33.1644    32.1113    31.8841    31.7393    31.5795    31.4204    31.4238    31.3225    31.1667    31.1240 
   30.5990    30.5885    30.1596    29.1843    28.7201    28.4180    27.4196    36.8218    35.6367    35.2077 
   34.7327    34.1499    33.6847    33.5596    33.6670    33.9373    33.4985    33.6200    33.8637    33.8305 
   29.6263    40.0003    39.9905    39.9900    39.9821    39.9842    39.9921    40.0065    39.9889    39.9839 
   39.9668    39.9624    39.9663    39.9604    39.9722    39.9981    40.0031    40.0001    39.9970    39.9985 
   39.9983    39.9997    39.9977    39.9974    39.9968    39.9988    39.9991    39.9924    39.9971    39.9991 
   39.9966    39.9951    39.9924    39.9886    39.9854    39.9851    39.9831    39.9814    39.9789    39.9779 
   39.9671    39.9592    39.9532    39.9378    39.9119    39.8818    39.8649    39.8212    39.4936    39.9640 
   39.9624    39.9621    39.9627    39.9632    39.9622    39.9648    39.9562    39.9586    39.9605    39.9641 
   39.9604    39.9602    39.9595    39.9617    39.9595    39.9529    39.9387    39.9382    39.9504    39.9639 
   40.0000    39.9821    39.9810    39.9817    39.9803    39.9811    39.9823    39.9811    39.9806    39.9802 
   39.9799    39.9793    39.9803    39.9815    39.9751    39.9694    39.9870    39.9849    39.9889    39.9872 
   39.9879    39.9865    39.9855    39.9882    39.9851    39.9878    39.9862    39.9879    39.9879    39.9880 
   39.9882    39.9866    39.9841    39.9870    39.9848    39.9828    39.9946    39.9965    39.9958    39.9953 
   39.9953    39.9946    39.9943    39.9948    39.9957    39.9958    39.9964    39.9954    39.9939    39.9944 
   39.9946    39.9945    39.9971    39.9995    39.9973    39.9987    39.9974    39.9969    39.9974    39.9970 
   39.9962    39.9976    39.9975    39.9955    39.9941    39.9973    39.9975    39.9987    39.9995    39.9630 
   39.9639    39.9628    39.9640    39.9965    40.0001    29.5925    33.2483    29.2667    32.4662    39.9627 
   39.9631    39.9608    39.9609    39.9990    39.9976    39.9991    39.9999    39.9811    39.9782    39.9996 
   39.9980    39.9592    39.9631    30.5597    31.7987    39.9628    39.9596    31.3504    31.9052    39.9633 
   39.9571    38.0372    37.5261    32.0921    33.2409    39.9951    39.9988    39.9986    39.9973    39.9810 
   39.9818    39.9711    39.9702    39.9288    39.9093    39.9982    39.9954    35.4803    36.4141    39.9953 
   40.0014    39.9865    39.9881    35.7514    38.0815    39.9226    39.9979    32.0695    33.1663    39.9502 
   39.9597    39.9982    39.9966    39.9820    39.9830    39.9933    39.9886    39.9847    39.9881    39.9974 
   39.9981    31.3511    31.3991    36.1702    35.5457    26.2988    26.9474    35.4571    37.6419    39.9620 
   39.9613    39.9951    39.9947    39.9932    39.9941    39.9917    40.0072    39.9856    39.9867    39.9630 
   39.9621    39.9600    39.9616    39.9916    39.9906    26.6748    27.1778    29.3585    30.8753    39.9843 
   39.9873    39.8281    40.0046    34.2166    33.5945    39.9724    39.9623    39.9730    39.9741    39.9997 
   39.9978    33.6992    34.0682    39.9828    39.9693    39.9644    39.9613    39.9592    40.0126    28.6821 
   29.8973    39.9816    39.9877    39.5212    39.9541    39.9695    39.9673    40.0013    39.9928    28.0358 
   27.7772    39.9572    39.9967    39.9474    39.9971    39.9131    39.8288    32.3334    35.0503    39.9649 
   39.8286    39.9674    39.9607    26.5385    28.6410    39.9989    39.9969    31.7323    33.8298    39.9601 
   39.9608    39.9804    39.9981    39.9987    39.9982    29.1289    30.9530    39.9806    39.9797    39.9530 
   39.9971    39.9957    39.9914    30.7407    31.1189    39.9866    39.9874    39.9789    39.9789    39.7715 
   39.3172    39.9619    39.8954    33.8442    32.5957    39.9861    39.9859    29.7269    30.8455    39.9643 
   39.9645    27.2075    27.6305    39.9034    39.8791    39.8245    39.7229    39.9897    39.9281    40.0011 
   39.9995    39.8935    40.0274    39.9460    39.9045 
